12.0 15.0 8.0 5.0 20.0 9.0 9.0 9.0 9.0 14.0 
12.0 15.0 8.0 5.0 20.0 9.0 9.0 9.0 9.0 14.0 
12.0 15.0 8.0 5.0 20.0 9.0 9.0 9.0 9.0 14.0 
12.0 15.0 8.0 5.0 20.0 9.0 9.0 9.0 9.0 14.0 
12.0 15.0 8.0 5.0 20.0 9.0 9.0 9.0 9.0 14.0 
12.0 15.0 8.0 5.0 20.0 9.0 9.0 9.0 9.0 14.0 
12.0 15.0 8.0 5.0 20.0 9.0 9.0 9.0 9.0 14.0 
12.0 15.0 8.0 5.0 20.0 9.0 9.0 9.0 9.0 14.0 
12.0 15.0 8.0 5.0 20.0 9.0 9.0 9.0 9.0 14.0 
12.0 15.0 8.0 5.0 20.0 9.0 9.0 9.0 9.0 14.0 
12.0 15.0 8.0 5.0 20.0 9.0 9.0 9.0 9.0 14.0 
12.0 15.0 8.0 5.0 20.0 9.0 9.0 9.0 9.0 14.0 
12.0 15.0 8.0 5.0 20.0 9.0 10.8125 9.0 9.0 13.09375 
12.0 15.0 8.0 5.0 20.0 9.0 12.96875 9.0 9.0 12.015625 
12.0 15.0 8.0 5.0 20.0 9.0 9.0 9.0 9.0 14.0 
12.0 15.0 8.0 5.0 20.0 9.0 9.0 9.0 9.0 14.0 
12.0 15.0 8.0 5.0 20.0 9.0 9.0 9.0 9.0 14.0 
12.0 15.0 8.0 5.0 20.0 9.0 9.0 9.0 9.0 14.0 
12.0 15.0 8.0 5.0 20.0 9.0 9.0 9.0 9.0 14.0 
12.0 15.0 8.0 5.0 20.0 9.0 9.0 9.0 9.0 14.0 
12.0 15.0 8.0 5.0 20.0 9.0 9.0 9.0 9.0 14.0 
12.0 15.0 8.0 5.0 20.0 9.0 9.0 9.0 9.0 14.0 
12.0 15.0 8.0 5.0 20.0 9.0 9.0 9.0 9.0 14.0 
12.0 15.0 8.0 5.0 20.0 9.0 9.0 9.0 9.0 14.0 
12.0 15.0 8.0 5.0 20.0 9.0 9.0 9.0 9.0 14.0 
12.0 15.0 8.0 5.0 20.0 9.0 9.0 9.0 9.0 14.0 
12.0 15.0 8.0 5.0 20.0 9.0 9.0 9.0 9.0 14.0 
12.0 15.0 8.0 5.0 20.0 9.0 9.0 9.0 9.0 14.0 
12.0 15.0 8.0 5.0 20.0 9.0 9.0 9.0 9.0 14.0 
12.0 15.0 8.0 5.0 20.0 9.0 9.0 9.0 9.0 14.0 
12.0 15.0 8.0 5.0 20.0 9.0 9.0 9.0 9.0 14.0 
12.0 15.0 8.0 5.0 20.0 9.0 9.0 9.0 9.0 14.0 
12.0 15.0 8.0 5.0 20.0 9.0 9.0 9.0 9.0 14.0 
12.0 15.0 8.0 5.0 19.875 9.0 9.0 9.0 9.0 14.0 
12.0 15.0 8.0 5.0 15.6953125 9.0 9.890625 9.0 9.0 14.0 
12.0 14.9765625 8.0 5.0 10.34375 9.0 10.2734375 9.0 8.796875 14.0 
12.0 13.859375 7.2734375 5.0 9.921875 9.0 15.5703125 9.0 5.0625 14.0 
11.796875 14.1171875 6.296875 5.0 11.7578125 8.59375 13.109375 9.0 5.40625 13.8046875 
8.296875 14.5703125 -0.0859375 5.0 7.9765625 7.0234375 10.3203125 9.0 8.953125 12.0078125 
10.859375 15.0 0.890625 5.0 5.7109375 7.171875 15.890625 9.0 9.0 13.0703125 
13.1484375 15.0 2.8671875 5.0 2.5703125 7.125 19.9296875 9.0 8.359375 10.7265625 
12.8125 15.0 -1.7265625 5.0 11.8515625 7.9140625 20.796875 9.0 5.03125 12.328125 
12.0 15.0 -2.0546875 5.0 15.03125 8.5703125 13.671875 9.0 6.28125 14.0 
11.9140625 14.453125 1.3515625 5.0 4.1796875 7.0078125 12.828125 9.0 7.0078125 12.5078125 
13.8515625 13.2109375 0.3671875 5.0 8.390625 8.875 18.8984375 9.0 7.640625 12.0078125 
13.328125 14.765625 -0.6640625 5.0 15.4921875 9.0 15.171875 9.0 6.0625 13.5 
12.0 15.0 6.1015625 5.0 17.9375 9.0 12.921875 9.0 5.5390625 12.796875 
12.0 15.0 7.546875 5.0 15.5546875 7.5234375 10.859375 9.0 3.5 10.125 
12.0 15.0 4.25 5.0 15.40625 7.296875 9.0 9.0 7.1796875 13.828125 
12.0 15.0 6.28125 5.0 17.0546875 8.8984375 9.0 9.0 9.0 11.703125 
12.0 15.0 8.0 5.0 16.0234375 9.0 9.0 9.0 9.0 11.125 
12.0 15.0 8.0 5.0 18.2265625 9.0 9.0 9.0 9.0 13.765625 
12.0 15.0 8.0 5.0 20.0 9.0 9.0 9.0 9.0 14.0 
12.0 15.0 8.0 5.0 20.0 9.0 9.0 9.0 9.0 14.0 
12.0 15.0 8.0 5.0 20.0 9.0 9.0 9.0 9.0 14.0 
12.0 15.0 8.0 5.0 20.0 9.0 9.0 9.0 9.0 14.0 
12.0 15.0 8.0 5.0 20.0 9.0 9.0 9.0 9.0 14.0 
12.0 15.0 8.0 5.0 20.0 9.0 9.0 9.0 9.0 14.0 
12.0 15.0 8.0 5.0 20.0 9.0 9.0 9.0 9.0 13.5 
12.0 15.0 8.0 5.0 20.0 9.0 9.0 9.0 9.0 14.0 
12.0 15.0 7.796875 5.0 18.0 9.0 9.0 9.0 9.0 14.0 
11.6484375 15.0 7.703125 5.0 19.546875 9.0 9.0 9.0 9.0 14.0 
7.6484375 15.0 8.0 5.0 14.9453125 8.4296875 11.28125 9.0 8.9921875 14.0 
6.09375 14.546875 7.5 5.0 2.5625 7.015625 16.0859375 9.0 8.375 14.0 
7.7734375 10.1875 1.2890625 5.0 -4.96875 7.375 21.5625 9.0 4.7734375 14.0 
1.7265625 7.8203125 -2.140625 2.953125 -9.0234375 7.484375 16.8359375 9.0 3.25 12.4609375 
-2.328125 9.84375 -23.9140625 2.421875 -26.25 3.109375 16.375 8.328125 6.765625 5.921875 
2.03125 12.265625 -23.2265625 4.25 -25.015625 -4.8984375 21.3203125 7.7890625 5.0546875 3.4296875 
-2.1171875 15.8515625 -23.5078125 5.390625 -31.1328125 -5.6875 38.9609375 8.671875 0.6328125 3.5546875 
2.4609375 20.2109375 -27.3828125 3.1953125 -23.5546875 -7.6484375 43.9296875 8.7734375 -10.6640625 3.0625 
2.15625 12.1328125 -36.5 4.1796875 -22.421875 -12.3984375 44.0390625 7.3125 -9.390625 4.8359375 
-2.0625 25.71875 -30.734375 5.4296875 -21.71875 -22.8203125 34.03125 7.3125 -10.4609375 7.625 
-4.046875 24.1015625 -27.6484375 9.0703125 -25.6875 -32.890625 24.4609375 8.6796875 -10.796875 -2.71875 
-5.75 16.6640625 -33.2734375 9.15625 -24.3046875 -8.8984375 28.5546875 7.53125 -9.4375 -4.1328125 
-0.890625 14.0546875 -33.265625 4.84375 -7.5703125 -9.796875 37.78125 8.625 -11.6953125 0.59375 
5.015625 15.84375 -24.8359375 4.875 -2.203125 -10.9375 26.0546875 9.0 -11.5546875 -2.1171875 
2.7578125 12.1015625 -12.6953125 5.140625 6.46875 -2.203125 25.953125 9.0 0.5 7.9921875 
6.4921875 14.28125 0.421875 5.0 8.5234375 3.3046875 29.71875 9.0 6.1015625 11.3515625 
9.0625 15.0 -0.1015625 5.0 5.984375 6.0546875 24.921875 9.0 7.015625 8.921875 
10.9453125 15.0 6.2265625 5.0 16.6171875 8.1796875 20.7421875 9.0 8.40625 12.2421875 
12.0 15.0 8.0 5.0 18.2890625 9.0 8.9609375 9.0 9.0 12.2890625 
12.0 15.0 8.0 5.0 18.7109375 9.0 6.421875 9.0 9.0 12.7109375 
12.0 15.0 8.0 5.0 20.0 9.0 9.0 9.0 9.0 14.0 
12.0 15.0 8.0 5.0 20.0 9.0 9.0 9.0 9.0 14.0 
12.0 15.0 8.0 5.0 20.0 9.0 9.0 9.0 9.0 14.0 
12.0 15.0 8.0 5.0 20.0 9.0 9.0 9.0 9.0 14.0 
12.0 15.0 8.0 5.0 20.0 9.0 8.671875 9.0 9.0 12.8984375 
11.8828125 15.0 8.0 5.0 20.0 9.0625 8.921875 9.0 8.4921875 13.9453125 
12.0 15.0 7.8671875 5.0625 20.0 9.90625 10.484375 9.0 9.0 14.0 
6.171875 14.84375 7.6875 11.6484375 18.0 9.0 10.34375 9.0 9.0 14.0 
0.75 14.140625 9.0625 11.453125 13.75 8.0625 9.7421875 9.0 8.9453125 14.0 
-1.140625 7.5703125 14.4375 17.3203125 -2.8125 0.3828125 11.4921875 9.0 6.8203125 13.46875 
1.3515625 -3.2265625 18.140625 9.2578125 -21.3125 -6.75 7.859375 8.7265625 3.3359375 8.3359375 
-11.09375 -14.65625 24.4453125 -5.96875 -29.8046875 -15.3359375 5.7734375 4.4921875 -0.5390625 4.8671875 
-21.7421875 -23.9375 10.359375 -0.625 -46.1796875 -18.515625 -5.7890625 3.0859375 -3.484375 -1.796875 
-15.0703125 -41.8984375 1.6640625 14.3203125 -51.5390625 -35.0 3.78125 4.296875 -13.2890625 -3.9140625 
-15.2734375 -26.046875 0.0 21.6171875 -66.7421875 -29.8671875 -7.765625 6.078125 -30.0 -5.6875 
-7.03125 -19.7421875 6.296875 3.375 -68.625 -30.3671875 -8.2265625 5.6953125 -46.953125 -8.203125 
-19.578125 -22.765625 -12.3671875 12.4609375 -64.0546875 -31.875 10.4140625 5.625 -63.15625 -9.859375 
-6.4375 -16.3046875 -20.859375 19.3828125 -54.875 -45.171875 12.171875 1.453125 -44.0703125 -16.0078125 
-15.6015625 -13.125 -12.1484375 15.1328125 -55.265625 -55.0 -12.0859375 2.6171875 -39.4453125 -19.53125 
-15.8984375 -10.78125 -13.859375 16.296875 -58.3046875 -22.625 16.765625 4.0078125 -37.8828125 -24.234375 
-16.390625 -9.5234375 -29.6015625 19.90625 -43.625 -14.28125 29.03125 3.9609375 -33.0390625 -15.265625 
-5.2109375 -5.3515625 -36.265625 23.515625 -20.1875 -19.1484375 24.7578125 6.890625 -28.4296875 -10.9453125 
-16.875 1.9140625 -27.015625 21.3203125 -13.140625 -16.71875 10.859375 9.0 -13.5 3.546875 
-19.453125 10.7890625 -11.4140625 -4.4453125 11.234375 -7.65625 21.0078125 9.0 10.59375 7.359375 
-7.7109375 9.5703125 -11.359375 -7.96875 14.921875 1.03125 34.1796875 9.0 12.6953125 10.828125 
4.71875 11.9609375 -6.2734375 0.65625 16.6953125 -2.109375 41.6796875 9.0 12.515625 12.3046875 
6.09375 12.6875 3.5 4.1953125 14.28125 3.890625 24.390625 9.0 10.75 12.390625 
7.453125 14.1171875 7.9453125 5.0 18.5 9.2890625 6.3203125 9.0 9.328125 12.5 
11.265625 14.0546875 8.0 5.0 20.0 9.0 10.15625 9.0 9.0 14.0 
12.0 15.0 8.0 5.0 20.0 9.0 9.0 9.0 9.0 14.0 
12.0 15.0 8.0 5.0 20.0 9.0 9.0 9.0 9.0 14.0 
12.0 15.0 8.0 5.0 20.0 9.0 9.0 9.0 9.0 14.0 
12.0 15.0 8.0 5.0 20.0 8.6015625 7.875 9.0 9.25 14.0 
11.359375 15.0 5.53125 6.109375 20.0 8.1875 9.140625 9.0 8.4453125 14.0 
11.4375 15.53125 -1.953125 10.359375 20.5625 3.8046875 10.375 8.4375 6.734375 14.0 
-0.3515625 15.75 3.40625 24.0703125 17.8671875 -5.1796875 3.5 8.9375 6.8125 14.0 
-7.6875 12.515625 13.9609375 24.3828125 5.4609375 -18.8125 -3.53125 8.828125 5.7734375 12.609375 
-7.3515625 1.8203125 19.5234375 22.265625 -5.328125 -22.046875 -9.8359375 8.65625 8.4609375 8.2109375 
-1.546875 -8.8203125 12.9296875 25.4609375 -27.3203125 -43.4921875 -10.171875 8.2421875 3.59375 2.515625 
-14.6640625 -29.2265625 20.609375 11.7109375 -39.90625 -35.453125 -14.671875 -3.3828125 3.5078125 -5.875 
-17.453125 -30.359375 11.953125 18.8828125 -46.6328125 -23.1875 -9.953125 -13.875 5.8671875 -20.4921875 
-10.8671875 -37.578125 -10.6328125 31.8203125 -46.3046875 -16.9296875 -32.0 -12.9296875 -3.0390625 -23.40625 
-13.7578125 -29.640625 4.6171875 37.0234375 -47.265625 -40.8125 -35.109375 -11.6875 4.9765625 -30.84375 
-7.1015625 7.1796875 12.2421875 18.9296875 -37.640625 -30.6171875 -30.4609375 -14.78125 8.7578125 -40.2890625 
-17.421875 19.8125 4.2734375 24.21875 -56.3515625 -7.5546875 -31.9921875 -18.3671875 2.65625 -53.0625 
10.7265625 -8.375 -8.6640625 18.5625 -41.3515625 -7.0390625 -18.0390625 -25.9609375 6.578125 -58.734375 
-19.6171875 -14.046875 -5.8984375 7.640625 -38.09375 10.5703125 11.0546875 -40.5546875 2.546875 -57.6640625 
-14.03125 -15.875 -6.375 -11.640625 -49.1484375 7.578125 5.2109375 -37.5546875 -12.5078125 -52.9609375 
-7.6171875 -7.2890625 -8.859375 18.1015625 -41.890625 19.265625 -6.9375 -22.3984375 -10.6484375 -35.390625 
-7.71875 20.0703125 -10.84375 11.578125 -19.953125 -6.8671875 1.6484375 -19.890625 -11.640625 -19.265625 
-4.21875 13.46875 -24.4921875 -6.109375 4.6328125 -10.9765625 14.2109375 -10.3828125 -6.203125 -12.0 
-14.6953125 21.421875 -48.4609375 -23.75 19.28125 18.421875 22.890625 5.828125 -16.5390625 -5.921875 
-4.640625 12.5546875 -40.125 -26.1953125 27.640625 -1.3125 22.5703125 5.15625 -23.0390625 -3.5 
-6.7109375 4.0703125 -26.5546875 -28.9609375 29.1875 26.609375 21.484375 5.421875 -1.1015625 2.734375 
-8.3359375 -2.8515625 -7.6015625 1.8046875 20.875 34.9921875 -2.4296875 4.8828125 18.0625 13.359375 
5.21875 5.8984375 3.859375 4.8203125 18.484375 12.078125 1.1953125 6.7109375 15.796875 13.8359375 
11.765625 14.8671875 6.8984375 5.0 19.2265625 9.5234375 7.75 8.5234375 13.9921875 14.0 
12.0 15.0 7.015625 5.0 20.0 9.0 9.984375 9.0 9.921875 14.0 
12.0 15.0 8.0 5.0 20.0 9.0 9.0 9.0 9.0 14.0 
12.0 15.0 8.0 5.0 20.0 9.0 9.0 9.0 9.0 14.0 
12.0 15.0 8.0 4.7421875 19.265625 7.7265625 8.84375 9.0 9.0 14.0 
12.0 15.0 5.78125 15.078125 20.0 4.0234375 8.859375 9.0 6.5 13.1328125 
9.671875 16.0625 1.546875 24.0703125 21.28125 -6.171875 11.5703125 5.21875 2.890625 10.78125 
-7.1484375 20.2890625 -3.4921875 40.796875 22.0859375 -20.796875 -2.296875 13.359375 1.015625 1.7421875 
-2.5234375 13.2734375 -3.4296875 35.2265625 6.546875 -38.25 -15.46875 9.078125 -0.421875 -6.6875 
-7.9921875 -8.390625 3.3984375 13.28125 4.3125 -18.3671875 -32.2890625 4.21875 1.5859375 -15.046875 
-2.9296875 -37.65625 -1.453125 -1.2734375 -1.5546875 -11.171875 -10.1015625 8.7265625 -24.25 -11.0859375 
-10.4609375 -44.9375 -16.3046875 0.5546875 5.859375 4.453125 -7.1328125 5.7265625 -33.421875 -23.46875 
-3.4609375 -36.2265625 0.6328125 14.234375 -15.7109375 8.9453125 5.3046875 -6.3046875 -40.65625 -44.1484375 
-1.9453125 -48.9296875 15.8515625 10.625 -32.4140625 -15.71875 -23.2265625 -11.9453125 -10.359375 -8.03125 
-11.6328125 -42.046875 10.96875 25.25 -45.3203125 -36.125 -12.953125 -20.609375 0.265625 -3.796875 
14.2421875 -12.0078125 29.484375 7.1171875 -36.5546875 -23.3671875 -23.578125 -17.265625 -2.34375 16.703125 
20.96875 20.640625 25.4765625 2.921875 -15.3203125 -24.3203125 -25.046875 -13.0 3.109375 -7.5390625 
19.484375 16.7265625 8.5703125 9.8046875 13.28125 -30.9140625 -16.3125 -33.921875 -16.2578125 -28.09375 
-1.5234375 -9.5625 34.2734375 21.359375 20.9453125 -22.109375 -22.359375 -50.4609375 23.078125 -65.328125 
9.7734375 -24.328125 15.375 -26.0078125 -2.6484375 5.65625 -11.53125 -57.359375 37.0234375 -61.078125 
17.3671875 -4.0546875 19.3046875 -18.6640625 8.640625 28.125 4.7578125 -60.765625 12.765625 -67.734375 
1.1015625 18.890625 -3.9453125 -2.15625 9.40625 -8.390625 15.03125 -73.609375 17.7578125 -57.421875 
1.984375 25.921875 -6.4921875 -24.8125 5.671875 31.7734375 0.453125 -61.0234375 6.390625 -42.1796875 
9.5234375 35.8671875 -14.8125 -35.7578125 0.0703125 12.75 3.2421875 -30.8515625 -6.7890625 -30.4296875 
-2.265625 41.0546875 -29.7265625 -31.5859375 16.03125 35.890625 4.84375 -22.1953125 -20.984375 -42.890625 
-8.3046875 19.46875 -37.9609375 -38.3125 33.1484375 27.5546875 -0.2109375 -6.9140625 -22.8515625 -31.171875 
-18.6796875 6.1875 -22.84375 -9.390625 -2.375 26.7421875 -7.8671875 5.015625 -9.1796875 -4.78125 
0.8515625 -1.640625 -1.125 0.609375 1.4609375 17.1015625 -6.9453125 7.75 12.984375 9.7734375 
11.390625 13.34375 2.8203125 5.0 15.328125 12.8203125 9.5625 8.5859375 10.8671875 13.875 
10.71875 15.0 6.546875 5.0 19.859375 9.328125 10.453125 9.0 9.3671875 14.0 
12.0 15.0 8.0 5.0 20.0 9.0 9.0 9.0 9.0 14.0 
12.0 15.0 8.0 5.109375 20.0 9.0 9.0 9.0 9.0 13.890625 
12.0 13.359375 5.7265625 2.2578125 19.421875 7.953125 9.0 11.1015625 9.0 13.703125 
12.0 13.0234375 2.5 15.6015625 19.6015625 -3.6328125 7.3046875 17.890625 1.953125 11.1015625 
3.890625 11.2890625 -3.328125 32.1171875 16.421875 -18.9140625 8.0859375 9.9453125 -4.40625 -2.734375 
-6.46875 9.546875 -13.90625 36.484375 20.7265625 -18.625 4.1171875 11.125 -2.953125 -22.46875 
-9.0625 -0.4375 3.671875 19.7890625 10.484375 -17.6953125 -22.2265625 21.3984375 -12.5703125 -34.78125 
-5.7578125 -19.9375 -3.265625 -13.7265625 11.1328125 -9.90625 -25.4921875 18.09375 -24.609375 -49.5703125 
-11.125 -37.765625 -15.984375 1.3671875 11.734375 -3.2109375 -7.3515625 17.1640625 -15.84375 -47.0546875 
-30.1484375 -39.5390625 -5.6015625 35.265625 -0.84375 1.828125 -24.296875 10.015625 -3.0390625 -49.5859375 
-3.609375 -15.1484375 7.4296875 18.15625 -8.078125 -3.6875 -40.6328125 21.484375 -22.2421875 -28.2890625 
7.5078125 -7.171875 -0.21875 26.359375 -25.359375 -4.3046875 2.7890625 39.7734375 -8.8828125 8.234375 
-4.34375 -13.625 -11.9921875 27.640625 -40.5 -22.2734375 -12.2421875 27.0234375 19.953125 32.34375 
18.0859375 -9.4765625 22.9765625 24.6640625 -32.359375 -25.5546875 -32.0625 -5.859375 16.578125 52.6484375 
13.0 -19.5703125 8.453125 24.9609375 -50.7421875 16.1640625 -19.3359375 -2.359375 3.3125 61.3125 
1.2109375 -36.9921875 -6.21875 39.4296875 -46.9140625 -18.828125 -19.6328125 -6.8515625 55.078125 11.0859375 
0.8984375 -39.546875 6.53125 29.3828125 -36.328125 -14.953125 -20.65625 19.2109375 22.9609375 51.28125 
16.703125 -34.0 -8.3984375 8.3203125 -26.765625 -2.0703125 -15.6171875 23.1171875 9.6640625 35.390625 
24.921875 -12.9296875 9.5078125 21.609375 -25.203125 1.7734375 -30.2421875 4.8984375 -17.984375 24.3203125 
11.984375 3.3671875 -9.8125 -29.265625 11.015625 13.6953125 -22.0 -20.25 19.015625 7.6640625 
-5.796875 17.6875 -7.03125 2.5234375 12.09375 14.265625 -32.7109375 -18.0234375 -3.9609375 16.4765625 
29.9375 5.3515625 -4.0 -14.9453125 16.0 -6.9921875 -34.5078125 -5.2421875 -8.078125 -34.84375 
21.671875 9.9453125 -27.53125 -17.2578125 42.546875 29.90625 -19.859375 -14.9296875 7.796875 -53.7890625 
-6.8203125 7.0078125 -40.1171875 -27.0703125 49.921875 35.7734375 -25.546875 -14.15625 3.0859375 -53.7421875 
-28.296875 -2.953125 -22.1875 -8.9140625 -2.8984375 50.0546875 -17.3359375 -4.7109375 -27.46875 -35.5390625 
-11.4765625 -0.3359375 0.984375 -0.5859375 0.609375 25.7109375 -1.5234375 4.4921875 -1.5859375 -11.3984375 
3.7578125 13.8125 6.6171875 4.4453125 17.046875 8.6875 7.4375 7.125 -0.0078125 10.1328125 
8.0859375 15.0 8.0 5.0 18.5859375 9.8828125 9.1015625 9.0 10.046875 12.9609375 
12.0 15.0 8.0 5.0 20.0 9.0 9.0 9.0 9.0 14.0 
12.0 14.65625 8.0 10.078125 20.0 9.0 9.0 9.34375 9.0 11.671875 
12.0 13.296875 10.546875 -5.421875 19.6015625 5.03125 9.0 13.8828125 9.0 13.171875 
11.0078125 13.03125 4.171875 3.6484375 17.9609375 -11.0703125 3.0390625 23.6171875 -0.828125 5.0390625 
0.53125 10.6484375 -2.5234375 27.3203125 1.2265625 -47.34375 3.7578125 7.390625 -7.3046875 -20.4609375 
-1.8828125 -2.7421875 -7.2421875 25.1171875 11.390625 -20.5234375 -4.2421875 3.84375 -3.7890625 -55.859375 
-8.3671875 -28.890625 10.921875 3.4921875 -7.125 -11.671875 -29.7578125 13.2890625 -24.765625 -61.015625 
-13.59375 -27.2265625 -19.9765625 -8.046875 3.4375 -4.28125 -4.6640625 22.6640625 -15.7421875 -52.3828125 
-21.96875 -43.9375 10.8671875 4.3515625 -5.484375 12.359375 4.8671875 7.953125 15.0234375 -35.0859375 
-8.2734375 -38.3671875 -1.3125 22.90625 -7.5625 -12.640625 -19.171875 16.0625 8.09375 -20.1171875 
-10.4140625 -24.2734375 -10.59375 -13.4296875 -15.125 17.671875 -5.9453125 26.8671875 13.1875 -19.5703125 
-11.1953125 -12.890625 1.546875 -0.46875 -27.4921875 -11.8828125 1.8203125 24.9453125 -14.0078125 9.234375 
-0.15625 6.5234375 5.765625 13.4296875 -63.96875 -4.6953125 -37.4140625 0.5234375 -49.8671875 32.7421875 
20.5859375 -24.515625 20.640625 2.09375 -50.0546875 -15.71875 -20.3828125 7.8203125 -21.8359375 43.2421875 
-2.8125 -18.953125 12.9609375 18.953125 -58.171875 -2.046875 -5.8984375 -26.390625 -36.65625 90.375 
-1.546875 -35.1953125 -17.6640625 15.7421875 -71.4296875 -40.1875 -9.6796875 -18.546875 30.171875 78.6875 
-4.1875 -9.875 1.6875 -4.0390625 -48.1484375 19.921875 -34.28125 5.359375 -23.9609375 96.0703125 
15.921875 -19.15625 -33.015625 -3.6796875 -5.171875 -5.3515625 -20.7734375 18.421875 -17.0859375 13.578125 
12.046875 -41.984375 -10.125 10.421875 0.2734375 -7.6796875 -40.0546875 20.0859375 2.0625 -8.5390625 
22.0625 -9.1328125 -12.03125 2.890625 16.046875 -4.5390625 -45.5546875 -0.21875 -18.2578125 -5.4453125 
1.3203125 -4.40625 10.9765625 4.140625 14.53125 17.6953125 -55.828125 27.8046875 4.4140625 -12.546875 
-4.5703125 -6.53125 4.9453125 -28.3515625 12.984375 4.171875 -40.734375 6.546875 11.7109375 -2.3359375 
14.1796875 -7.078125 1.015625 -35.859375 0.046875 -1.6328125 -58.203125 7.1484375 -4.3203125 -53.3671875 
-9.5 -6.6171875 -50.03125 -37.859375 26.3125 25.34375 -48.5078125 -2.4296875 36.953125 -47.328125 
-40.8828125 -15.0078125 -39.171875 -31.3671875 -2.1171875 74.1796875 -16.2109375 -18.5859375 19.4296875 -42.46875 
-27.5859375 1.3125 -8.3046875 -6.1640625 2.640625 76.3515625 -13.078125 -3.84375 -10.890625 -22.796875 
-1.0390625 12.984375 6.3671875 4.59375 11.2265625 20.328125 1.1875 5.59375 -3.5625 4.453125 
10.859375 13.078125 8.0 5.0 19.84375 9.9921875 8.75 9.0 10.484375 13.671875 
12.828125 15.0 8.0 5.0 20.0 9.0 9.0 9.0 9.0 14.0 
12.0 14.71875 8.0 5.1875 16.296875 9.0 9.0 12.984375 9.0 10.9375 
12.3046875 13.9453125 5.78125 -14.0078125 16.59375 6.015625 9.0 21.09375 9.0 8.109375 
10.0 12.453125 -2.8828125 -15.515625 7.34375 -15.1953125 3.6171875 34.9296875 -5.5078125 -8.578125 
-3.8125 6.9140625 1.625 13.25 -1.828125 -65.3984375 3.1171875 12.9921875 0.375 -33.8203125 
-15.6875 -9.6171875 -4.9375 -0.2578125 4.7734375 -40.5 -17.8828125 16.28125 -1.515625 -48.109375 
-16.1484375 -24.0 -2.296875 -6.6015625 -9.0078125 -2.1484375 -31.09375 6.625 0.3359375 -42.1875 
-11.4765625 -27.4296875 -2.6484375 0.703125 14.125 -4.4296875 -2.1953125 52.796875 23.828125 -34.234375 
-7.3125 -44.6953125 4.515625 -13.5859375 -9.640625 18.9140625 -4.125 33.8984375 -17.4296875 -17.1484375 
-17.8125 -47.859375 -2.5234375 -18.546875 3.5859375 4.34375 -14.8203125 18.7578125 24.8828125 -18.7421875 
7.6640625 -30.3984375 15.953125 -18.9140625 -19.5078125 3.53125 -28.0390625 13.3125 44.9609375 -33.8828125 
-17.8125 -27.71875 6.9609375 -8.765625 -19.671875 34.765625 -9.9140625 19.0859375 -8.2109375 -40.015625 
6.0703125 -1.9765625 -23.0078125 16.046875 -40.328125 -13.9140625 -7.9609375 32.5625 39.78125 -23.96875 
2.109375 -13.0234375 -8.9453125 1.9609375 -41.6328125 -11.3046875 -11.078125 0.1484375 51.2734375 21.2109375 
13.0078125 -6.0625 8.15625 13.0234375 -51.8046875 -2.7421875 -31.765625 -2.7890625 -10.578125 35.953125 
21.6953125 -15.6484375 -3.625 0.6953125 -68.65625 3.796875 -45.6875 34.796875 -29.796875 34.6875 
46.296875 -25.625 -9.8359375 -0.0859375 -48.6640625 -1.4921875 -44.3671875 13.6328125 9.46875 19.078125 
31.0703125 -4.7421875 -17.203125 3.1796875 6.2265625 12.0234375 -56.046875 12.4375 -16.78125 -15.625 
18.1171875 -26.40625 -19.0859375 42.421875 1.1484375 9.2578125 -98.546875 8.6875 5.53125 12.765625 
20.546875 -30.109375 2.828125 -5.0625 0.3046875 29.1484375 -78.5546875 -0.4375 33.15625 -11.2265625 
29.1875 -26.75 19.2109375 15.4921875 -0.2890625 27.078125 -58.78125 11.078125 -20.9296875 -11.3125 
6.40625 -13.6796875 -25.0390625 13.390625 -9.421875 2.7421875 -50.1171875 -14.21875 9.703125 17.5625 
-9.3359375 -20.671875 -16.359375 -6.5234375 -7.125 -8.859375 -68.28125 31.921875 2.6640625 -32.421875 
0.0703125 -37.2734375 -20.3515625 -59.171875 -4.4453125 27.1171875 -76.875 5.09375 21.0390625 -41.765625 
-47.75 -30.8984375 -52.859375 -55.203125 -7.25 84.109375 -51.3671875 -28.59375 30.8515625 -36.0625 
-28.59375 -6.7890625 -18.3203125 -16.703125 1.65625 96.40625 -23.0546875 -12.8515625 -7.0234375 -15.8203125 
-1.2734375 11.34375 6.609375 4.6640625 11.8828125 26.3671875 -0.21875 1.9140625 5.375 0.4765625 
12.0 13.578125 8.0 5.0 17.21875 6.2421875 9.0 9.0 10.5234375 13.15625 
12.0 15.0 7.3984375 5.0 20.0 9.0 9.0 10.4375 9.0 14.0 
12.0 14.390625 6.296875 4.140625 15.328125 9.0 9.0 15.5078125 9.0 8.046875 
12.546875 15.0 0.953125 -6.21875 11.546875 4.828125 8.7890625 20.8984375 3.40625 0.1875 
10.3828125 14.28125 -6.2578125 5.484375 -11.03125 -10.1953125 2.640625 37.4609375 -11.234375 -5.7578125 
-9.734375 2.7109375 -0.953125 28.1171875 -9.28125 -45.296875 1.6640625 30.796875 -7.2734375 -39.015625 
-15.0625 -17.7265625 13.96875 15.0703125 -1.796875 -18.234375 -23.5078125 26.53125 0.046875 -32.5 
-5.1328125 -29.1171875 -11.5078125 18.96875 -18.28125 10.921875 -15.625 4.453125 0.0234375 -13.734375 
-8.9296875 -22.6328125 -22.6171875 12.625 -7.6640625 -0.5546875 1.546875 14.5859375 4.2421875 -31.375 
-20.6953125 -32.890625 -14.4765625 -8.9375 -9.46875 2.65625 9.703125 13.515625 5.53125 -36.0390625 
4.75 -37.796875 14.921875 -31.6640625 -1.25 4.9296875 3.546875 8.390625 33.1875 -1.6953125 
10.203125 -17.296875 1.890625 -37.8359375 -22.0546875 -15.484375 -26.09375 2.796875 2.9609375 -8.4609375 
-13.6796875 -16.390625 32.5234375 -45.6796875 -20.2734375 16.265625 -5.9765625 10.7578125 24.9140625 -20.4375 
-15.234375 -7.1171875 -10.0234375 -59.9921875 -24.9453125 0.5390625 1.078125 50.4375 13.7734375 -24.3671875 
-13.0703125 0.0390625 18.9765625 -33.9453125 -8.6640625 -2.28125 -38.3125 29.578125 -13.0 -9.4296875 
7.609375 10.625 9.6875 3.546875 -59.15625 -21.7578125 -29.9375 44.3828125 -22.8671875 25.609375 
4.015625 36.09375 16.7734375 17.484375 -46.7109375 -27.7890625 -48.3125 26.5859375 -51.515625 33.21875 
23.5078125 -2.28125 16.375 13.453125 -13.09375 -13.875 -54.5546875 13.4765625 -28.828125 -38.171875 
17.0078125 -11.6640625 -6.1953125 3.21875 -4.328125 -8.65625 -82.2421875 45.984375 11.9453125 -21.1171875 
34.5546875 -22.2734375 30.1015625 -1.578125 1.96875 -27.390625 -79.4765625 21.296875 -4.0390625 2.3515625 
30.953125 -26.84375 5.71875 5.921875 -0.0625 -9.9609375 -55.125 25.3984375 18.0859375 -28.328125 
13.5390625 -43.765625 3.53125 28.90625 12.28125 -22.2578125 -48.2421875 22.6484375 -10.703125 -2.078125 
11.734375 -27.953125 -21.3984375 31.84375 9.8359375 19.796875 -44.1328125 11.109375 28.8515625 -13.7734375 
-12.9140625 -38.3125 -15.5078125 14.8359375 6.0546875 27.890625 -54.265625 30.234375 27.09375 -11.8828125 
22.7109375 -31.5859375 -19.2890625 -48.890625 -10.6171875 18.0078125 -55.984375 -0.3125 15.0 -48.265625 
-23.234375 -13.71875 -38.7265625 -43.9296875 -30.3828125 111.8359375 -50.4453125 -20.84375 -4.265625 -43.5390625 
-19.0390625 0.125 -17.9453125 -8.9140625 -7.5625 122.5078125 -29.1640625 -9.875 -13.5546875 -20.640625 
1.546875 11.859375 9.0078125 5.0 13.9140625 40.5859375 -5.0390625 2.5390625 5.953125 3.4375 
12.0 11.8125 8.0 5.0 19.96875 10.8984375 7.046875 9.40625 5.84375 9.171875 
12.0 15.0 6.5546875 5.0 20.0 9.0 9.0 10.671875 9.0 14.0 
12.0 14.9296875 4.9765625 2.7109375 15.9609375 8.7578125 8.8046875 13.5546875 9.0 8.046875 
14.171875 15.0 2.078125 0.265625 5.6953125 5.46875 6.7734375 23.96875 2.125 -5.6171875 
7.28125 11.296875 -5.3046875 16.5234375 -11.3828125 -4.4921875 -0.1796875 27.1640625 -11.4375 -17.671875 
-7.1640625 3.3203125 -6.9453125 14.4765625 -18.34375 -20.484375 -8.71875 35.0390625 3.8984375 -33.6875 
-0.96875 -13.703125 9.59375 0.6640625 -25.59375 -15.2734375 -17.4296875 47.53125 8.1953125 -10.53125 
-3.3203125 -30.046875 32.828125 -4.6015625 -27.328125 8.4375 -4.984375 14.703125 18.078125 9.84375 
0.046875 -27.484375 1.6640625 17.8203125 3.5625 10.9296875 6.1796875 -7.4921875 -3.6953125 -16.390625 
-13.8828125 -27.21875 11.21875 -18.5 -1.453125 14.1015625 17.046875 -11.515625 4.8984375 12.6640625 
13.3828125 -28.4296875 -6.3125 -59.8515625 19.2578125 16.8515625 -11.59375 -4.171875 39.5390625 10.765625 
-21.6640625 -15.078125 -12.8515625 -58.4609375 7.3359375 11.5 -17.3984375 0.8046875 39.625 16.015625 
1.7265625 -1.2265625 3.4609375 -38.390625 -19.4921875 28.765625 1.5 -4.3515625 23.03125 37.2265625 
10.8984375 -8.609375 -7.0078125 -33.9453125 3.7421875 49.25 -8.34375 -11.53125 39.984375 -8.7734375 
-2.6015625 1.40625 -8.21875 7.640625 -42.9453125 22.5078125 -17.6953125 29.7734375 17.4296875 -0.3828125 
-2.578125 22.4921875 -1.2265625 21.0546875 -93.84375 7.078125 -9.9296875 11.1875 -15.875 -1.4296875 
-0.3203125 62.6953125 -22.6953125 4.015625 -13.296875 4.5703125 -41.6015625 31.9609375 -48.5078125 -60.6328125 
1.96875 13.0859375 0.796875 20.2421875 -31.421875 -33.2578125 -45.40625 61.5546875 -42.71875 -21.234375 
38.0 -12.2265625 7.671875 19.0703125 16.7265625 -33.796875 -46.0546875 45.140625 -9.921875 -12.921875 
27.484375 -37.1484375 30.109375 12.3828125 -3.6796875 -57.25 -48.5625 18.4296875 16.609375 12.3671875 
12.5234375 -37.6796875 3.9296875 14.3671875 7.0859375 -59.0625 -40.78125 28.1875 36.4765625 -25.3203125 
15.6953125 -33.2890625 12.8515625 34.390625 -22.796875 -56.296875 -41.703125 44.390625 4.359375 -23.953125 
21.5078125 -28.84375 1.7890625 22.9296875 -20.0703125 -9.171875 -46.484375 33.0078125 55.875 -18.25 
30.6015625 -26.1015625 -7.5703125 5.90625 -9.171875 21.390625 -43.453125 32.9453125 42.875 14.5625 
38.9375 -23.375 -10.875 -19.8828125 -26.671875 28.984375 -17.6796875 -2.046875 24.828125 -28.0234375 
0.09375 -17.046875 -14.3515625 -15.2265625 -18.4609375 121.671875 -23.9375 -6.6953125 -12.4765625 -53.1953125 
-14.421875 -4.1171875 -6.3828125 -2.6875 -4.140625 175.671875 -21.203125 3.921875 -23.59375 -21.46875 
4.8125 8.1171875 9.828125 5.0 15.7421875 60.5703125 -10.6640625 5.7734375 0.4375 2.6796875 
12.0 14.140625 8.0 5.0 20.0 9.7109375 4.625 9.5625 9.4296875 9.453125 
12.0 15.0 7.5703125 5.0 20.0 9.0 9.0 9.1796875 9.0 14.0 
12.515625 15.0 7.125 4.125 17.859375 5.328125 7.328125 16.7265625 8.515625 7.4296875 
12.0 15.0 3.8828125 -2.6484375 5.265625 2.9921875 7.0234375 40.3125 2.1328125 -6.046875 
5.859375 12.59375 -10.1171875 18.71875 -7.015625 -7.828125 -3.4296875 35.609375 -2.0234375 -30.296875 
-10.4609375 8.203125 -17.125 -2.0859375 -23.0 -13.78125 -5.296875 34.3125 -3.7421875 -16.3671875 
2.1484375 -6.65625 4.515625 -26.1796875 -18.46875 3.1953125 -4.5546875 10.4453125 20.7265625 15.6015625 
8.3515625 -26.4296875 3.8125 -44.5546875 -20.75 38.046875 3.21875 -15.6015625 23.515625 12.625 
7.8046875 -27.9609375 -43.8203125 -49.875 -1.3671875 15.40625 6.7265625 -4.25 40.2578125 8.5078125 
2.28125 -26.2421875 -45.4765625 -62.546875 -12.8671875 14.9296875 -6.1484375 -5.3359375 41.1953125 44.9296875 
-16.0546875 -38.78125 -54.125 -47.6484375 25.1484375 20.3203125 -8.7578125 3.734375 20.3515625 35.90625 
-14.2578125 -34.4296875 -78.5625 -44.328125 4.2421875 20.8828125 -4.0859375 4.5546875 41.09375 30.75 
6.875 -17.6484375 -70.6875 -17.6875 -17.921875 15.953125 2.7890625 -6.7421875 39.46875 9.84375 
2.8984375 -29.96875 -70.984375 7.8515625 13.2421875 23.4296875 6.015625 -13.5390625 42.375 -0.28125 
6.7734375 8.7109375 -64.609375 16.3828125 -67.8984375 27.328125 19.6171875 34.5234375 53.1171875 -5.21875 
-42.078125 53.8359375 -62.734375 19.9296875 -80.8984375 -13.234375 -22.703125 18.109375 27.8515625 -27.265625 
-61.015625 60.484375 -23.9609375 29.8359375 14.9921875 -10.4140625 -43.234375 27.75 -17.453125 4.0078125 
-44.2578125 17.3203125 -19.234375 23.625 36.34375 1.3203125 -19.8671875 35.3046875 -31.8046875 19.5546875 
21.4609375 -11.5859375 -17.6953125 31.9765625 -7.3828125 -22.859375 -15.6953125 17.78125 -17.046875 30.109375 
14.1015625 -14.0703125 4.9296875 37.1640625 -26.46875 -12.4765625 -3.8125 25.5703125 11.6484375 10.9765625 
17.625 -20.6484375 24.1796875 17.9140625 -8.9375 -57.296875 -15.9296875 18.2109375 6.6015625 22.390625 
4.0078125 -24.875 9.6015625 13.421875 -42.7421875 -109.4921875 -32.1796875 35.78125 17.015625 41.015625 
5.34375 -15.8515625 23.3203125 -32.53125 -21.2109375 -116.359375 -5.7734375 8.6484375 17.5546875 32.6328125 
28.1484375 -9.4140625 -19.1171875 -20.546875 -28.875 -91.234375 -5.296875 14.5859375 52.9296875 38.1875 
37.3671875 -3.515625 -22.3125 -24.609375 -34.6953125 -72.828125 19.8125 -11.9375 30.515625 -23.7265625 
17.28125 -0.484375 -5.6640625 -5.953125 -20.2578125 -11.4609375 -2.203125 -11.1328125 40.9765625 -37.859375 
-2.5703125 3.96875 12.9375 2.2578125 4.09375 94.0625 -13.2265625 -1.4609375 11.4375 -16.8671875 
9.640625 13.109375 9.7578125 5.0 17.8984375 35.515625 -8.6171875 0.96875 14.390625 5.0546875 
12.0 16.0 6.9765625 5.0 19.859375 9.875 7.09375 9.28125 9.171875 13.75 
12.0 15.0 8.0 5.0 20.0 9.0 9.0 9.0 9.0 12.984375 
12.0 15.0 8.0 2.328125 15.4296875 3.8046875 7.2421875 18.9765625 9.0 7.0703125 
11.6484375 14.6015625 7.2578125 -2.5625 1.5546875 2.9453125 7.0234375 36.3515625 5.6328125 -9.2734375 
7.0546875 14.625 -12.0859375 -0.640625 -15.2109375 -1.6328125 -8.859375 44.71875 4.6328125 -36.4921875 
-7.046875 13.59375 -16.1953125 -17.4375 -31.734375 3.9140625 -14.328125 49.5078125 0.859375 6.4609375 
3.7578125 1.4140625 -30.3046875 -36.984375 -10.7578125 10.1953125 -12.453125 7.4609375 29.453125 43.15625 
22.171875 -8.1171875 -84.171875 -42.5859375 -2.28125 41.875 17.640625 -11.65625 24.2265625 20.3046875 
2.09375 -10.3828125 -97.203125 -38.546875 9.2265625 20.9765625 4.8984375 19.0390625 32.5 25.453125 
3.84375 -17.53125 -49.0546875 -26.0625 4.7734375 14.5234375 12.625 18.1015625 24.8828125 22.703125 
-5.3515625 -29.359375 -70.859375 -10.8984375 13.484375 -13.8515625 -0.6640625 -21.3828125 34.6328125 38.921875 
1.21875 -45.890625 -67.59375 5.8984375 19.09375 11.75 -8.2265625 -25.921875 -11.9296875 4.703125 
0.0546875 -37.46875 -64.3203125 -4.3203125 50.328125 17.4375 32.4375 -6.484375 -2.4453125 2.59375 
16.3203125 -11.7265625 -52.578125 12.28125 83.7421875 16.4296875 36.203125 -33.5 24.5859375 -2.1015625 
1.078125 10.5703125 -43.125 -17.1484375 -2.453125 17.3359375 21.40625 -61.5078125 53.859375 3.9453125 
-61.3515625 94.5859375 -68.8984375 52.9140625 -37.4375 -34.3125 -31.3046875 -32.1640625 35.6328125 23.0703125 
-93.4921875 59.3046875 -44.296875 40.671875 29.40625 -18.7421875 -23.25 18.3828125 15.0703125 14.1875 
-65.90625 7.828125 -29.6875 24.3125 47.953125 -26.6328125 -7.234375 38.734375 11.828125 0.3203125 
-3.03125 2.34375 -34.6796875 6.078125 -6.7578125 -50.140625 -5.328125 29.8203125 19.0234375 26.0625 
16.765625 10.3046875 -1.7265625 5.4609375 -17.984375 -26.15625 3.2421875 2.453125 11.5234375 23.828125 
13.3203125 -22.0625 29.1640625 -5.9609375 -23.0390625 -38.0546875 -16.6953125 -26.9453125 27.3671875 62.8359375 
6.9453125 -23.7421875 -1.8515625 -20.109375 -24.6796875 -57.4453125 -10.9140625 -4.6015625 30.1796875 27.015625 
-8.5078125 -6.1015625 3.6640625 -74.953125 7.671875 -109.46875 22.90625 -5.1875 53.3671875 49.7734375 
28.296875 -2.15625 -33.921875 -60.6796875 -6.9140625 -173.921875 31.25 8.7578125 47.4453125 50.875 
43.0859375 3.28125 -52.4921875 -38.234375 -28.96875 -205.7109375 41.6171875 -23.3828125 37.6484375 17.4453125 
31.6796875 4.078125 5.1796875 -4.0078125 -12.3984375 -157.9140625 11.0 -6.75 25.8359375 -28.2578125 
7.0390625 6.75 32.96875 6.203125 8.4453125 2.078125 -14.0078125 7.8359375 15.0703125 -11.9140625 
10.9453125 11.1015625 17.921875 5.0 17.71875 20.53125 -9.6875 8.6953125 10.9140625 4.359375 
12.0 15.671875 8.140625 5.0 19.0234375 8.578125 6.390625 10.046875 7.28125 12.6953125 
12.0 15.0 8.0 5.0 20.0 9.0 9.0 9.0 9.0 14.0 
12.0 15.0 8.0 2.21875 16.4140625 8.359375 8.75 15.0703125 9.0 9.8203125 
10.59375 14.8671875 7.9453125 -0.078125 7.828125 7.3984375 8.53125 25.0 9.0 -10.171875 
9.0390625 16.265625 -8.1015625 -2.2890625 -16.015625 4.9296875 -2.46875 37.4765625 3.484375 -18.40625 
7.6640625 13.5 -35.03125 -23.9921875 -23.1171875 15.625 -17.1875 37.1796875 -12.53125 31.7890625 
18.1796875 6.2109375 -69.828125 -31.015625 24.84375 22.703125 9.1171875 -2.6640625 -13.2109375 54.015625 
33.421875 3.5234375 -78.2578125 -21.171875 35.859375 10.21875 25.4609375 10.9765625 -5.96875 28.3203125 
26.28125 -7.8359375 -72.1640625 -15.9296875 21.2734375 9.65625 -9.9375 -0.5703125 -20.7265625 -1.15625 
25.359375 -1.6640625 -37.9609375 -16.53125 20.328125 -7.328125 7.5859375 -15.78125 -5.0234375 14.9921875 
13.4453125 -25.6953125 -28.1953125 0.265625 29.5390625 22.828125 15.1953125 -34.765625 20.546875 12.46875 
26.2109375 -69.3984375 -15.1328125 -29.8125 56.0859375 15.171875 28.921875 -2.8359375 -28.234375 29.609375 
-15.140625 -57.515625 1.4765625 -19.6640625 86.984375 27.0390625 25.9921875 -28.203125 41.3828125 0.7734375 
-5.8203125 -12.75 10.3203125 30.8046875 49.984375 43.375 26.4140625 -61.4921875 61.5390625 -5.375 
-60.6015625 9.5703125 -5.203125 23.40625 -49.40625 -3.6796875 -2.4140625 -107.421875 61.015625 4.59375 
-74.671875 75.140625 0.6328125 39.65625 -41.578125 -18.65625 -18.921875 -71.984375 -12.6640625 8.359375 
-69.7734375 50.625 -32.9453125 -2.8203125 16.390625 -19.5703125 25.890625 0.4453125 35.328125 26.3359375 
-43.78125 9.2890625 -29.1875 38.640625 35.6875 -42.109375 11.4375 3.609375 9.34375 17.6640625 
-7.171875 14.125 -6.546875 12.7578125 29.4921875 -36.984375 -31.0 20.109375 -7.2890625 8.5078125 
-7.0234375 -35.90625 5.140625 -30.46875 14.0546875 -2.828125 -3.5859375 -19.359375 -7.9140625 15.0859375 
-0.21875 -32.3671875 -12.640625 -27.234375 -15.6328125 16.7421875 11.7578125 -38.25 -15.109375 18.171875 
7.0859375 -21.515625 -17.515625 -34.328125 17.8515625 10.5 7.7109375 7.1484375 44.1953125 15.3828125 
8.875 -6.703125 -3.140625 -46.3359375 11.90625 -14.5078125 20.46875 12.203125 -1.453125 37.1953125 
14.5859375 -11.8671875 -28.109375 -69.2109375 -9.2890625 -86.7890625 11.3671875 8.40625 -7.4765625 9.3359375 
29.8046875 -7.2109375 -37.0703125 -33.6640625 -27.375 -171.8359375 67.8828125 -10.8984375 -14.8828125 -29.671875 
24.6953125 -1.6796875 11.4296875 -4.359375 -14.3671875 -135.890625 26.9609375 5.0234375 -17.8671875 -28.8671875 
12.7734375 7.2734375 46.25 0.2578125 9.203125 -15.2265625 -15.6640625 13.3203125 10.0 -7.1484375 
10.8828125 10.765625 31.796875 4.1953125 15.796875 6.3125 -6.359375 8.46875 13.0859375 7.640625 
12.0 15.0 15.3359375 3.90625 18.1015625 5.140625 8.203125 9.0 9.0 13.6015625 
12.0 15.0 8.0 5.0 20.0 9.8828125 9.0 9.0 9.0 13.1171875 
12.0 15.0 6.453125 4.0546875 18.53125 9.0 9.0 12.109375 9.0 12.5 
10.015625 15.171875 6.8515625 2.0234375 15.7109375 9.0 9.0 19.6484375 9.0 2.1015625 
4.53125 17.515625 -7.171875 5.6875 4.0703125 4.84375 7.375 26.546875 3.3125 -6.875 
3.46875 12.859375 -27.5078125 -12.84375 32.796875 9.796875 -12.796875 11.703125 -13.046875 28.953125 
29.953125 7.1953125 -58.0703125 -28.6015625 56.953125 -3.1015625 11.6015625 -17.3046875 -25.125 36.1875 
29.640625 1.7890625 -36.5234375 -25.921875 45.5546875 -14.671875 13.0546875 -29.3046875 -52.140625 10.9609375 
45.1171875 -9.0703125 -17.5234375 2.390625 39.625 -17.5625 -5.4921875 -20.21875 -61.2578125 1.1484375 
30.8984375 -4.3203125 -4.109375 -6.109375 6.9453125 21.671875 23.2421875 -21.7578125 -60.7578125 6.40625 
25.6015625 -21.0078125 10.1328125 -1.359375 39.484375 34.640625 40.4453125 -30.9296875 -43.1328125 25.75 
25.1875 -67.7734375 -0.6328125 -24.0859375 13.9375 31.6484375 21.734375 -31.6953125 -28.5234375 9.3359375 
26.390625 -60.046875 13.9296875 -10.8046875 23.625 -9.046875 38.4765625 -36.9453125 64.265625 31.359375 
17.9296875 -19.015625 17.234375 75.1796875 39.21875 1.1015625 8.796875 -45.3046875 11.1875 8.5234375 
-29.0078125 18.0546875 0.8671875 -4.8515625 -22.4140625 -32.9375 -26.09375 -82.2265625 38.9765625 26.8359375 
-70.46875 48.8125 10.2578125 24.765625 -9.3515625 -15.734375 0.7109375 -41.4453125 32.84375 34.9765625 
-55.0625 21.7265625 -23.7265625 -1.546875 26.703125 15.7265625 1.171875 -11.28125 -7.7890625 11.5 
-48.84375 4.421875 -1.6015625 42.3125 31.828125 -19.2734375 -2.390625 5.984375 16.21875 26.6953125 
-0.1953125 -15.3203125 -37.453125 7.125 23.4375 -14.921875 -13.7734375 12.921875 9.7421875 15.203125 
-2.96875 -56.171875 -1.25 -6.9375 6.421875 -2.5546875 -9.5703125 27.2890625 -0.8359375 0.390625 
7.484375 -41.484375 -15.9296875 -14.796875 41.9453125 -24.46875 -8.8046875 41.703125 -15.546875 2.3984375 
32.90625 -17.3515625 -4.7578125 -27.7109375 20.0234375 0.546875 19.015625 36.8125 -2.78125 2.921875 
11.5390625 -4.2265625 -16.25 3.546875 -4.1796875 16.3359375 22.8203125 14.7890625 -20.0234375 -0.296875 
7.4140625 -10.0859375 -18.453125 -14.1796875 10.453125 -10.59375 17.875 31.2890625 -52.1796875 -15.46875 
34.203125 -3.3671875 -25.140625 -2.8125 -0.4296875 -64.921875 21.609375 16.3203125 -46.09375 -47.96875 
18.7421875 6.4921875 -8.8828125 1.9765625 -14.9140625 -73.0234375 8.0703125 -10.453125 -35.8125 -35.859375 
9.2109375 11.375 30.859375 -3.2890625 5.609375 -16.2734375 9.0859375 11.2578125 6.4375 2.6484375 
7.4375 15.2109375 37.5078125 0.0703125 11.03125 6.921875 -6.5703125 8.0703125 9.375 12.5859375 
12.0 15.0 8.46875 4.1875 19.7890625 8.953125 9.0 9.0 9.0 14.0 
12.0 15.0 8.0 5.0 20.0 9.2890625 9.0 9.0 9.0 13.7109375 
12.0 15.0 4.46875 4.953125 20.0 9.0 9.0 9.0 9.0 14.0 
11.265625 16.2421875 3.8125 4.28125 18.734375 8.6171875 9.0 12.84375 8.3046875 4.3046875 
1.109375 15.0 -2.1015625 10.625 15.7890625 2.171875 5.28125 14.6171875 3.0703125 -4.6796875 
1.9296875 13.0546875 -2.6015625 -0.8671875 27.1953125 9.4453125 -15.8046875 -3.1015625 -7.25 28.8984375 
34.421875 5.1171875 21.2578125 -11.3125 24.15625 -29.1171875 -11.234375 -28.03125 -32.1328125 21.2890625 
11.2265625 -7.46875 27.3828125 -14.03125 21.625 -45.875 8.03125 -42.6484375 -52.796875 -26.0703125 
35.8515625 -16.3828125 -5.5234375 -11.203125 14.96875 -27.6953125 10.6171875 -34.0546875 -34.4453125 -23.3203125 
21.4375 -10.015625 10.9453125 -28.984375 24.046875 -5.375 14.6875 -27.8515625 -45.625 13.5 
23.7421875 -30.53125 11.296875 -13.296875 43.859375 14.1015625 21.6328125 -32.6875 -9.3828125 -2.9140625 
34.1328125 -44.46875 0.671875 -19.71875 19.8203125 14.875 11.125 -39.28125 3.0703125 22.2734375 
25.46875 -8.9765625 11.1953125 2.7421875 15.578125 -0.890625 54.8203125 -49.09375 27.96875 23.078125 
-1.046875 -2.5390625 -2.8984375 9.34375 28.828125 23.7890625 15.109375 -35.4921875 26.265625 14.953125 
-49.1640625 37.359375 13.4921875 -8.9921875 -2.796875 -27.8984375 -26.8671875 -69.859375 59.578125 1.0234375 
-94.375 39.8671875 10.6171875 25.90625 23.2265625 -41.8203125 24.640625 -42.0 50.0234375 -19.953125 
-58.6484375 -3.3359375 -15.640625 30.171875 29.0703125 -23.46875 14.28125 8.0625 13.8203125 13.328125 
-45.578125 25.6171875 4.0 9.921875 39.0390625 -5.0546875 -9.03125 -19.296875 21.96875 46.8359375 
-8.71875 -34.859375 -25.1796875 -4.703125 26.03125 -32.4140625 5.8671875 51.5390625 -48.3828125 26.5 
-6.4140625 -56.7890625 -36.5078125 -17.5 3.5 12.8125 -12.8515625 32.625 -18.65625 -12.796875 
-7.15625 -46.0 13.640625 28.6015625 36.640625 0.34375 -0.875 35.5390625 -0.953125 -15.703125 
18.90625 -16.4609375 -13.109375 43.609375 3.6015625 -29.4765625 51.328125 45.8984375 -34.578125 -1.3046875 
0.953125 -4.5 -3.984375 33.703125 -12.109375 -18.7578125 63.34375 46.8046875 -47.2109375 -38.09375 
3.7578125 -7.375 -20.3203125 38.8125 20.46875 -4.6171875 -1.640625 31.4609375 -24.3046875 -17.65625 
17.296875 -2.828125 -27.03125 19.15625 -4.1171875 0.8046875 -6.46875 9.0 -28.140625 -44.2734375 
19.4140625 5.296875 2.75 8.7734375 -28.53125 -17.90625 -6.46875 -15.234375 -47.34375 -33.578125 
2.0703125 10.453125 44.71875 -12.625 -11.6328125 -3.8359375 -1.3671875 -2.03125 -1.2734375 1.640625 
6.1953125 14.046875 45.0546875 1.4375 15.453125 5.1796875 -12.8828125 6.65625 6.4296875 10.265625 
12.0 15.0 12.6875 3.53125 20.0 7.2578125 7.734375 9.0 9.0 14.0 
12.0 15.0 8.0 5.0 20.0 9.0 9.0 9.0 9.0 14.0 
12.0 15.0 6.328125 5.71875 20.0 9.0 9.0 9.0 9.0 14.0 
11.25 16.4765625 -1.109375 14.4609375 15.453125 7.609375 9.0 9.421875 7.5078125 6.5390625 
1.3359375 14.3125 6.9765625 25.9921875 2.8515625 4.2578125 2.6953125 3.8984375 2.4609375 2.421875 
6.8125 12.109375 16.7734375 20.0625 -16.3359375 9.7578125 -23.8828125 5.6640625 -7.09375 24.2734375 
40.640625 2.703125 33.046875 11.421875 2.6484375 -32.8671875 -25.671875 -16.5859375 -40.203125 -3.8671875 
5.6328125 -14.1484375 43.8515625 -12.890625 4.03125 -52.75 11.03125 -24.390625 -35.34375 -28.1328125 
37.4375 -27.4921875 9.15625 -22.6875 -3.125 -55.9453125 6.046875 -5.8515625 -7.0625 3.4765625 
39.5 -29.9921875 3.3828125 -43.484375 37.6796875 -38.25 -8.3984375 -18.0703125 -9.265625 20.9296875 
13.21875 -27.546875 4.8125 -13.9375 18.9296875 -8.9609375 13.34375 -20.0546875 -8.03125 -14.34375 
25.015625 -17.6171875 5.203125 -16.4921875 8.7109375 -8.171875 15.65625 -33.9609375 10.84375 10.28125 
11.515625 0.4921875 14.2578125 10.3125 -14.9609375 19.3984375 60.5078125 -64.171875 -2.9375 35.78125 
-25.984375 -16.40625 22.8125 27.0859375 33.7421875 -0.8046875 16.109375 -27.25 35.1328125 4.984375 
-86.15625 33.9296875 20.4453125 31.796875 1.7578125 -13.4453125 -12.59375 -12.359375 30.9765625 -22.4609375 
-67.859375 42.6875 -26.65625 -11.75 44.1953125 -31.0390625 15.578125 -28.6328125 14.640625 -32.8046875 
-29.4765625 -17.015625 9.7421875 -38.6796875 67.84375 -18.28125 -6.6484375 -4.8515625 6.03125 -22.1875 
-29.890625 -9.6796875 37.828125 -37.28125 38.421875 -25.3203125 2.4765625 -8.1875 27.96875 33.234375 
10.3515625 -45.40625 13.234375 -10.453125 38.0 8.046875 -15.2109375 29.5078125 -36.9375 4.1328125 
-9.9765625 -46.2734375 -3.5703125 25.2578125 13.015625 4.203125 5.25 12.234375 -43.2265625 2.4375 
-15.3515625 -45.1796875 -1.40625 31.9609375 18.7734375 3.8515625 1.703125 38.4765625 -19.796875 -17.1796875 
13.5390625 -23.2109375 -16.0 24.9453125 31.3125 9.5234375 20.4453125 25.8203125 -3.5390625 -3.1171875 
-1.3515625 -14.953125 1.15625 10.2734375 22.0 -9.578125 14.15625 35.734375 -28.609375 -32.1953125 
-0.0390625 -10.828125 -9.8125 26.90625 5.078125 0.03125 7.7265625 2.8828125 -23.109375 -1.1796875 
11.3359375 0.6875 -7.1875 24.8984375 -5.1484375 15.78125 0.4921875 -7.125 0.8515625 -42.359375 
18.5078125 11.6640625 21.7734375 5.34375 -18.9921875 -4.4609375 2.3828125 -12.1015625 -26.296875 -28.9609375 
-2.4921875 9.4296875 66.4375 -15.15625 -20.75 -9.5546875 -17.4296875 -0.109375 -12.0859375 -4.859375 
6.984375 12.359375 51.59375 -0.3828125 5.8671875 -1.6953125 -9.96875 6.4765625 4.6328125 10.59375 
12.1875 15.0 13.90625 3.234375 19.8125 5.15625 8.90625 8.6796875 9.0 14.0 
12.0 15.0 8.0 5.0 20.0 9.0 9.0 9.0 9.0 14.0 
12.0 15.0 7.421875 5.0390625 20.0 9.0 9.0 9.0 9.0 14.0 
10.484375 15.0 0.0859375 18.6640625 16.328125 5.1875 9.0 9.2109375 8.71875 0.921875 
-3.96875 12.1484375 4.3359375 44.125 -17.1796875 2.640625 -2.9375 3.5625 0.03125 -4.859375 
12.703125 9.3125 21.0859375 23.6484375 -26.890625 14.59375 -27.109375 11.9609375 -14.421875 -11.9609375 
29.65625 -12.453125 53.265625 4.5625 11.0546875 2.5234375 -9.4609375 1.8359375 -36.0546875 -22.0859375 
23.078125 -36.71875 35.2265625 -24.234375 19.71875 36.9765625 8.6484375 -14.4453125 -23.015625 -13.078125 
33.2734375 -28.9453125 -1.125 -20.828125 25.0625 -21.6875 -15.3046875 -27.109375 16.6171875 7.9765625 
19.53125 -23.3203125 11.9375 -13.390625 27.171875 -45.46875 12.546875 -25.53125 28.8046875 10.078125 
17.078125 -26.4921875 17.2734375 -66.5390625 8.1171875 -37.1875 -0.6640625 -41.9609375 49.4140625 25.5078125 
29.0078125 -2.4765625 13.2734375 -80.90625 -5.0078125 -53.6875 51.1015625 -59.1875 -19.234375 20.3984375 
-3.59375 -45.3671875 5.6328125 -73.0859375 -2.765625 -42.0546875 45.4453125 -23.171875 19.3046875 -0.1640625 
-26.4609375 9.90625 12.4609375 -39.5703125 15.890625 -60.453125 3.3828125 -6.484375 48.7734375 2.3359375 
-79.4609375 44.9375 37.640625 -23.0625 52.2890625 -49.3515625 21.8359375 -6.5390625 23.625 8.484375 
-68.0390625 41.6640625 9.4609375 -40.578125 47.8046875 -40.109375 18.890625 1.6640625 24.9921875 -46.640625 
-53.390625 0.6171875 56.8984375 -34.9609375 19.0234375 -33.0234375 -24.484375 0.6328125 -4.671875 30.6015625 
-12.4609375 -21.5703125 16.5546875 -0.7421875 32.265625 -4.2734375 -13.03125 -3.9296875 -7.71875 -6.3203125 
13.484375 -51.2265625 -13.3671875 20.765625 19.84375 12.7421875 -8.4765625 3.3046875 -36.484375 8.0703125 
-12.1640625 -25.6015625 8.6484375 4.8984375 6.5703125 23.0703125 17.015625 14.390625 -46.671875 2.34375 
-1.640625 -25.8671875 -2.7421875 15.2109375 -16.5859375 -0.03125 30.46875 8.34375 -4.5078125 -21.1953125 
-10.4375 -22.0703125 -6.8515625 9.2578125 -0.4296875 -4.3203125 23.6640625 -4.328125 12.984375 -6.1015625 
-17.859375 -10.46875 -7.9921875 10.21875 9.703125 -4.8046875 -7.015625 -5.2734375 -10.2734375 -25.578125 
14.3515625 -6.921875 -8.0546875 40.8046875 -21.078125 2.1875 -2.1640625 -12.078125 -3.5 -20.921875 
10.0859375 -3.9140625 11.3046875 34.8671875 4.375 28.96875 29.6640625 -19.890625 9.390625 -54.1015625 
8.890625 7.1484375 48.390625 -20.6875 -10.1328125 15.2890625 4.0859375 -11.515625 -5.75 -28.6171875 
1.5703125 3.671875 82.828125 -18.859375 -11.53125 -21.375 -22.7890625 1.8828125 -17.4921875 1.1484375 
10.59375 15.765625 38.765625 0.78125 12.421875 2.2890625 -9.1484375 7.53125 3.8125 11.9375 
13.6015625 15.0 11.6640625 4.7734375 18.375 8.8359375 8.1875 7.4765625 9.0 14.0 
12.0 15.0 8.0 5.0 20.0 9.0 9.0 9.0 9.0 14.0 
12.0 15.0 8.0 5.0 20.0 8.7890625 9.0 9.0 9.0 14.0 
10.265625 14.796875 -2.09375 16.8515625 17.59375 4.2890625 9.0 10.953125 8.234375 3.5703125 
-19.6015625 11.8359375 -9.53125 64.65625 -20.1328125 -2.953125 -9.09375 4.4921875 -6.6015625 -11.640625 
-10.1015625 5.5546875 22.2421875 25.7265625 -38.4296875 13.34375 -24.3828125 -0.5546875 -24.4921875 -24.8671875 
13.421875 -29.6015625 46.2734375 19.890625 0.890625 5.640625 -21.546875 -13.6171875 -22.3515625 -21.7578125 
-7.703125 -66.4453125 22.6484375 -2.828125 7.203125 42.375 -10.4375 -44.5859375 6.96875 5.5859375 
14.21875 -33.078125 34.1640625 -13.09375 11.796875 16.8828125 11.828125 -28.359375 21.0078125 -0.59375 
26.7421875 -8.8671875 16.1484375 -20.7109375 5.375 1.0703125 11.6796875 -23.6953125 18.9375 -29.296875 
28.265625 -9.765625 -0.9921875 -73.4375 0.8203125 -11.5546875 14.8125 -43.5078125 50.0078125 -28.8203125 
31.578125 -30.5546875 23.34375 -60.6875 -37.2734375 -49.4921875 31.6796875 -50.125 36.5625 6.171875 
4.1171875 -9.9296875 -17.9921875 -74.375 -45.328125 -57.4375 28.5390625 -23.1171875 36.328125 11.8984375 
-21.2890625 12.625 32.2734375 -72.5859375 3.109375 -19.15625 45.859375 -33.796875 65.3984375 4.7421875 
-68.5390625 7.28125 48.078125 -77.53125 44.0234375 -16.9140625 27.3984375 11.3046875 13.8125 0.46875 
-46.6328125 30.328125 46.9140625 -55.9375 38.4609375 -0.265625 -1.2109375 -5.71875 -8.5390625 35.0859375 
-10.203125 -33.421875 16.234375 22.3203125 8.2109375 -11.9375 18.0625 -14.828125 3.765625 -10.078125 
3.1640625 -39.9375 9.7890625 49.34375 0.3125 1.765625 29.9296875 -30.2421875 -40.015625 -2.65625 
-2.1875 -27.6875 22.953125 7.234375 -31.2421875 10.7734375 27.7890625 -19.6796875 -42.28125 2.953125 
-6.4609375 1.84375 8.5703125 15.890625 -30.09375 -1.5546875 40.0078125 -9.15625 -10.046875 -7.203125 
-15.84375 -12.875 21.078125 15.34375 -6.609375 -12.2890625 4.3984375 -9.0 6.4140625 -12.6875 
-34.3671875 -8.8359375 7.5859375 -5.4375 -3.9921875 -2.1796875 -17.84375 -25.6640625 0.5 -9.1953125 
-14.96875 -6.203125 14.2734375 41.8359375 -4.140625 3.9296875 10.8984375 -22.1484375 -17.15625 -26.296875 
4.7265625 -15.515625 6.078125 50.6171875 -32.9921875 28.734375 2.109375 -28.6796875 20.4296875 -24.0546875 
2.171875 -8.421875 38.0546875 -2.03125 -12.2109375 28.0 -4.6484375 -29.0078125 -1.8046875 -51.0625 
-13.75 5.703125 67.9375 -40.796875 -11.3515625 21.1796875 -28.796875 -18.6484375 -30.8046875 -27.4921875 
3.0859375 13.25 66.96875 -15.3828125 -8.3125 -22.7890625 -8.7421875 3.3359375 -27.2578125 -4.09375 
11.109375 16.6953125 17.390625 4.5390625 18.8828125 4.5625 -1.84375 10.515625 5.2734375 13.5 
12.0 16.75 9.59375 5.0 20.0 9.0 7.8046875 8.703125 8.125 14.0 
12.0 15.0 8.0 5.0 20.0 9.0 9.0 9.0 9.0 14.0 
12.40625 13.671875 7.6328125 5.0 20.0 8.515625 9.0 10.515625 8.59375 13.265625 
5.84375 11.53125 1.7734375 13.6015625 17.7109375 6.9296875 9.0 11.4140625 8.1171875 9.859375 
-21.6171875 9.4921875 -10.1953125 68.0625 1.9765625 -10.921875 -6.4296875 0.9140625 -9.4609375 -8.6875 
-20.6015625 -1.140625 22.0625 15.2578125 -23.2265625 19.796875 -15.5078125 -5.1328125 -23.265625 -25.1171875 
-3.7890625 -43.296875 19.015625 12.6171875 4.984375 0.5546875 -23.375 -32.1953125 0.53125 -23.7734375 
19.671875 -62.359375 14.9296875 -16.3046875 -5.6875 -1.484375 -13.390625 -46.5546875 -1.7109375 -22.6484375 
14.4921875 -29.3828125 14.921875 -16.328125 -31.6015625 6.609375 -3.046875 -48.890625 3.171875 -23.6875 
34.4765625 -13.90625 15.1015625 -22.9140625 -38.9140625 23.265625 -9.9375 -25.078125 17.6796875 -33.03125 
31.21875 -10.8671875 10.5 -51.828125 -49.1875 17.9140625 13.8203125 -40.703125 56.25 -59.953125 
45.390625 -24.1484375 48.53125 -14.328125 -53.640625 22.0390625 25.96875 -35.3515625 45.2890625 -41.34375 
26.1484375 9.0078125 15.21875 -17.609375 -50.2890625 -4.2421875 58.046875 -21.7421875 4.0078125 -11.2734375 
9.5234375 -10.0703125 24.46875 -38.421875 -66.265625 14.2734375 46.328125 5.1171875 -7.03125 3.1015625 
-40.8828125 -9.4609375 29.765625 -43.2109375 -30.7578125 -4.71875 -0.390625 7.6484375 -49.6953125 5.421875 
-17.5390625 -13.7109375 19.3125 -56.6953125 13.0 -3.890625 18.4375 -10.3671875 -27.328125 -11.53125 
-15.3203125 -11.6171875 13.03125 -9.3828125 -9.015625 22.53125 0.28125 -4.203125 12.0390625 -21.796875 
-1.7734375 -3.7265625 4.3828125 15.7734375 -11.40625 -27.5390625 10.28125 -47.2578125 12.296875 -15.484375 
-8.7890625 -9.0390625 25.3671875 32.8828125 -38.8203125 -18.109375 5.0625 -28.9296875 -1.1484375 -9.234375 
5.0234375 6.8828125 -7.484375 8.8046875 -19.5859375 -15.9140625 -4.03125 -57.4375 -16.125 -0.3359375 
-20.3984375 6.7265625 6.234375 9.671875 -37.890625 10.1484375 -0.765625 -10.6328125 -12.3671875 -18.7421875 
-1.7421875 3.09375 25.5390625 2.734375 -39.3828125 8.265625 -5.1171875 -25.65625 -4.296875 -21.2578125 
6.328125 -4.8984375 15.703125 28.921875 -22.0703125 12.15625 16.4609375 -52.921875 -0.6328125 -41.1015625 
6.7109375 -18.828125 -1.8359375 5.0234375 -46.125 16.7734375 1.78125 -52.2734375 19.0625 -38.8515625 
-8.078125 -7.734375 20.6171875 -21.90625 -26.453125 20.3046875 -25.4765625 -30.4296875 13.765625 -37.5625 
-11.1328125 11.3984375 41.1328125 -33.671875 -3.7265625 14.140625 -26.78125 -8.6015625 -33.7265625 -13.1953125 
0.40625 20.3984375 50.328125 -18.6953125 6.0078125 -14.4140625 -15.265625 1.5078125 -21.8125 -2.984375 
11.125 15.421875 20.59375 -0.0546875 19.625 3.078125 -2.890625 7.1171875 5.609375 12.453125 
12.0 15.75 9.0 5.0 20.0 9.0 8.0546875 9.0 8.625 14.0 
12.0 15.0 8.0 5.0 20.0 9.0 9.0 9.0 9.0 14.0 
13.0234375 12.46875 7.9296875 5.0 20.0 9.0 9.0 9.0 7.9765625 13.859375 
7.8359375 9.171875 6.015625 6.6640625 19.546875 3.765625 9.0 8.1640625 7.453125 12.6953125 
-16.5390625 5.234375 1.25 64.1328125 13.4375 -12.9609375 0.4453125 -7.484375 -12.9453125 -4.3671875 
-19.25 -4.734375 17.625 31.6796875 -23.59375 4.453125 -10.7578125 -21.0859375 -28.3046875 -18.8984375 
-2.609375 -32.328125 26.0390625 12.2265625 -22.453125 31.53125 -24.640625 -31.984375 9.8359375 -13.234375 
4.2890625 -20.1171875 29.796875 -0.0390625 -27.3203125 -13.1640625 -28.2578125 -52.3046875 -13.3671875 -29.6171875 
-0.8828125 -22.828125 45.9140625 -5.0546875 -48.390625 -24.609375 -16.453125 -69.484375 19.8359375 -41.453125 
30.8828125 -0.296875 14.2421875 8.28125 -59.8125 19.9921875 -28.046875 -35.5078125 5.0859375 -43.1953125 
32.0234375 -5.40625 25.359375 16.109375 -40.625 7.1796875 6.0234375 -40.0546875 -30.375 -81.171875 
34.9765625 4.3515625 28.046875 -10.984375 -34.890625 -5.734375 22.90625 -35.734375 0.1171875 -87.6171875 
35.2109375 23.2421875 10.84375 -11.2265625 -20.59375 29.03125 12.53125 -25.6640625 -15.1640625 -53.9453125 
7.4375 13.9453125 3.609375 -36.453125 -38.3125 17.375 37.4375 4.078125 -3.1953125 -69.03125 
-11.5703125 -13.8984375 5.8359375 -22.9296875 -63.5 11.5 22.890625 -19.6875 -8.1796875 -26.15625 
-34.640625 -7.515625 6.0703125 2.890625 -19.2890625 -5.4921875 53.3828125 -4.765625 -18.25 -19.1796875 
-10.46875 -23.5859375 -1.7265625 -25.359375 -24.890625 -16.9609375 25.046875 -20.5234375 13.8125 -18.7421875 
-30.1015625 -7.484375 -1.9296875 -0.796875 -23.3125 3.9375 20.0546875 -51.1640625 -33.25 -22.8203125 
2.1953125 17.7265625 -58.1953125 10.7421875 2.6796875 12.859375 1.4921875 -43.1640625 -27.2421875 -9.171875 
-21.7734375 15.7265625 -5.828125 21.234375 -16.390625 -1.09375 20.9453125 -50.09375 -13.4765625 -14.6640625 
-9.3203125 6.640625 8.9609375 0.359375 -31.9453125 25.09375 -6.84375 -32.875 -18.3203125 -6.2109375 
-7.4921875 -0.7734375 25.546875 4.7109375 -35.9375 14.09375 -5.1015625 -49.671875 1.3125 -8.8671875 
-3.21875 -1.703125 19.09375 -16.6953125 -26.8125 6.6640625 -10.40625 -56.0546875 1.1953125 -29.9375 
-11.6015625 -13.0390625 7.171875 -37.6953125 -23.8671875 27.78125 -35.5703125 -56.59375 5.328125 -23.5703125 
-18.40625 -13.171875 44.2890625 -31.59375 -20.4296875 22.359375 -40.3671875 -22.5703125 -12.046875 -12.1015625 
-14.0078125 3.125 56.6171875 -33.625 -7.8046875 4.671875 -36.203125 0.1015625 -39.3828125 12.296875 
4.9453125 11.9453125 30.2421875 -14.3125 11.3984375 -0.65625 -7.0078125 6.890625 -7.59375 12.84375 
12.4453125 14.421875 16.953125 -3.328125 20.0 7.3828125 7.3671875 7.78125 5.203125 13.0546875 
12.0 15.0 8.0 5.0 20.0 9.390625 9.0 9.0 8.21875 14.0 
12.0 15.0 8.0 5.0 20.0 9.0 9.0 9.0 9.0 14.0 
12.0 12.75 8.0 5.0 20.0 9.0 9.0 9.0 9.0 14.0 
10.3828125 6.1328125 7.078125 4.625 20.0234375 5.4453125 9.0 4.9765625 5.3203125 12.1484375 
-6.4921875 6.296875 -8.5625 24.5625 12.125 -10.5390625 6.0078125 -11.1484375 -8.1953125 -4.6640625 
-12.2734375 4.421875 -0.75 25.8671875 -1.890625 9.78125 -8.984375 -26.921875 -33.21875 -8.5390625 
-2.8125 16.8515625 8.140625 10.4921875 -4.15625 5.4296875 -25.828125 -34.0546875 -5.46875 -18.1796875 
4.859375 23.8046875 4.734375 15.53125 -45.59375 18.4296875 -43.5859375 -41.0390625 -16.8125 -29.453125 
-10.09375 1.40625 5.359375 -0.6328125 -63.1171875 -5.453125 -22.6171875 -46.53125 34.8046875 -31.0078125 
8.359375 12.9453125 -13.59375 8.296875 -25.4140625 2.375 -10.4296875 -25.4609375 10.1171875 -22.609375 
22.8046875 -2.859375 18.3515625 -18.859375 -14.96875 23.1953125 6.0 -38.796875 10.2890625 -10.78125 
26.5859375 7.5625 18.4453125 -10.1328125 -15.3515625 8.9375 18.59375 -20.0078125 -1.4765625 -39.375 
30.6796875 -8.8515625 -18.3046875 -16.46875 -8.328125 13.046875 40.125 -16.4375 -24.625 -49.015625 
21.90625 -9.1953125 -34.6953125 -22.3671875 -24.34375 -8.2265625 50.8046875 -18.6015625 -14.21875 -32.3984375 
-4.859375 -17.0546875 -15.1484375 9.8828125 -26.7109375 12.7578125 49.78125 -21.828125 -2.6328125 -24.1796875 
-14.03125 15.953125 -32.484375 -1.609375 -9.015625 9.921875 44.875 -29.421875 -25.4296875 -46.421875 
-4.1484375 2.015625 -26.3203125 -1.40625 7.3671875 12.3125 18.125 -32.5 -17.0703125 -17.390625 
-7.6875 -7.015625 -3.5078125 35.7734375 -18.21875 -22.28125 14.9921875 -22.2578125 -16.3203125 -5.53125 
-26.8828125 5.734375 -3.7890625 5.1640625 7.578125 1.515625 38.5546875 -33.359375 -33.671875 -26.640625 
-13.53125 6.859375 12.265625 17.796875 9.2265625 10.75 25.703125 -34.4921875 -25.8359375 -34.8984375 
-11.140625 -18.0859375 17.2265625 26.015625 7.109375 16.7265625 1.3671875 -44.3828125 -11.421875 -15.65625 
-15.7421875 -8.9765625 -1.4453125 10.1875 -17.4375 40.1875 -3.15625 -43.8671875 -1.6640625 -13.578125 
-10.203125 -0.4296875 4.453125 -14.65625 -5.875 32.875 -26.1875 -53.6796875 -20.4375 -20.6328125 
-20.7578125 -20.7734375 42.71875 -26.4140625 -9.71875 36.8671875 -37.0078125 -42.1015625 3.75 -18.2734375 
-18.4609375 -11.4921875 57.7265625 -39.8515625 -4.046875 28.75 -37.3828125 -16.0546875 -30.8046875 11.6484375 
-4.7265625 10.015625 42.1875 -32.75 -0.4296875 14.15625 -18.4609375 1.5234375 -19.484375 26.453125 
11.0859375 15.203125 21.6875 -8.2265625 14.4921875 7.7109375 3.4765625 9.0625 0.0078125 15.171875 
15.4765625 13.96875 10.859375 2.703125 20.0 8.625 8.703125 9.0 7.9375 14.0 
12.0 15.0 8.0 5.0 20.0 9.0 9.0 9.0 9.0 14.0 
12.0 15.0 8.0 5.0 20.0 9.0 9.0 9.0 9.0 14.0 
12.0 14.40625 8.0 5.0 20.0 9.0 9.0 9.0 9.0 14.0 
11.8046875 7.6796875 8.796875 7.1015625 20.0 7.75 9.0 3.0625 6.6796875 10.7265625 
0.125 7.375 -5.5625 19.1015625 10.6171875 -5.46875 7.7890625 -9.265625 -2.0546875 -4.796875 
-21.3671875 2.8984375 9.4453125 19.3828125 5.046875 4.0703125 1.75 -27.8828125 -25.640625 -12.5234375 
0.2734375 42.8125 3.0546875 -9.0390625 0.40625 8.328125 -15.9921875 -19.0546875 -8.625 -28.421875 
9.546875 29.125 8.6796875 6.171875 -21.3046875 -4.0703125 -38.5078125 -25.140625 4.875 -42.1875 
4.46875 -8.25 12.4140625 24.03125 -30.28125 4.640625 -33.046875 -9.71875 -1.546875 -42.046875 
11.84375 -3.375 20.078125 -21.1171875 -17.796875 21.3984375 -19.9375 -2.71875 5.234375 -2.8125 
20.3203125 11.71875 38.078125 -1.125 -26.71875 31.265625 -8.734375 -9.5234375 11.984375 -12.921875 
13.3984375 -17.75 -13.1328125 12.265625 -11.578125 18.3984375 6.046875 -6.8359375 14.296875 6.84375 
17.296875 -23.9765625 1.59375 26.765625 -19.6484375 5.375 -5.765625 -21.0390625 9.8984375 -9.8984375 
27.6015625 -44.578125 7.0859375 12.0078125 -36.625 10.4453125 11.5390625 -13.65625 29.078125 18.7734375 
53.234375 -43.2734375 8.3125 10.0703125 14.2734375 24.3671875 -8.7890625 -29.46875 20.0625 8.6953125 
29.3125 -0.4453125 -8.6953125 -19.0234375 14.34375 13.109375 0.953125 -15.5625 37.6171875 -15.7265625 
10.1953125 0.140625 -16.0 3.5546875 21.0625 16.4296875 10.3359375 9.6953125 -4.6015625 -18.578125 
-1.1875 16.7890625 -18.921875 6.7734375 11.359375 5.171875 4.140625 -9.640625 -14.1796875 -26.875 
-2.078125 32.765625 -12.390625 15.21875 15.015625 -7.046875 4.1328125 -21.15625 -19.0625 -16.21875 
-31.078125 38.1875 17.2578125 -1.203125 17.5546875 26.4765625 0.640625 -30.2734375 4.390625 -28.1171875 
-19.71875 5.015625 16.765625 18.2265625 27.265625 12.1875 1.3046875 -23.390625 -36.2421875 -44.5234375 
-19.6015625 3.265625 21.2578125 26.125 3.8984375 16.7265625 3.625 -40.234375 -25.453125 -25.3203125 
-13.96875 -4.4921875 23.109375 -6.515625 25.703125 22.4296875 -11.46875 -46.078125 -3.265625 -22.7421875 
-9.8203125 -13.8046875 45.390625 -10.1796875 4.4375 20.4140625 -18.921875 -32.6171875 -2.2421875 0.4140625 
-4.6796875 -3.5703125 38.703125 -20.2734375 3.8984375 14.5703125 -17.3671875 -16.203125 -12.171875 27.2578125 
1.953125 9.6875 34.3984375 -13.890625 5.0 12.2265625 -4.765625 0.0390625 -0.109375 20.796875 
10.890625 14.1953125 17.4609375 0.0390625 15.5 11.8671875 8.328125 5.9140625 4.40625 16.6171875 
13.265625 15.421875 6.59375 5.0 20.0 10.4296875 9.0 9.0 7.2421875 14.0 
12.0 15.0 8.0 5.0 20.0 9.0 9.0 9.0 9.0 14.0 
12.0 15.0 8.0 5.0 20.0 9.0 9.0 9.0 9.0 14.0 
12.0 15.0 8.0 5.0 20.0 9.0 9.0 9.0 9.0 14.0 
12.0 15.0 7.6796875 10.359375 20.0 7.9375 9.0 2.9609375 8.984375 10.9453125 
11.5625 10.078125 -2.0546875 25.171875 17.6796875 4.0078125 9.0 -7.7421875 4.0859375 6.8125 
-8.0546875 0.5625 7.0078125 46.609375 12.234375 -0.84375 8.734375 -2.5546875 -25.3046875 -14.0859375 
-2.7421875 33.15625 -4.578125 35.8515625 7.3671875 19.2578125 2.75 1.265625 -62.078125 -29.0859375 
12.546875 33.8046875 13.0703125 26.8359375 5.890625 5.1875 -5.234375 25.859375 -29.3515625 -39.6640625 
5.4375 -5.078125 9.984375 37.5390625 1.8515625 -8.6015625 -21.984375 21.3046875 -38.09375 -28.5859375 
-11.0 -9.7265625 3.0390625 8.96875 -1.46875 12.7109375 -32.1484375 -23.125 1.6640625 -1.875 
19.0 -15.2890625 -8.734375 -4.5703125 -14.765625 5.125 -39.5 -23.9375 -13.9609375 -21.859375 
26.09375 -8.7265625 -15.203125 1.703125 -3.90625 16.078125 -47.8359375 -10.8046875 7.65625 -8.2890625 
14.6171875 -5.2734375 -19.578125 -10.265625 -8.1484375 -20.1875 -47.7578125 -29.125 27.953125 -30.0 
14.6484375 9.515625 -25.53125 11.546875 -36.4140625 -5.15625 -38.3359375 -36.7265625 18.3671875 -2.1015625 
18.078125 -2.890625 -35.4453125 23.1171875 -5.4765625 -6.140625 -8.5 -22.484375 85.046875 -14.078125 
34.1328125 -12.796875 -23.0546875 -20.7421875 12.203125 -8.0234375 -12.6875 -13.6640625 35.2421875 -33.6171875 
11.0078125 10.21875 -9.4140625 -5.890625 9.71875 23.6171875 -10.65625 0.109375 43.3359375 -32.6328125 
-6.2890625 38.7109375 -7.8828125 -25.015625 26.375 30.234375 -12.84375 -8.7421875 30.6328125 -33.390625 
-11.4609375 52.0546875 -7.328125 -1.546875 17.96875 -6.4296875 -13.8125 -10.5234375 35.5 -17.453125 
-20.7109375 24.2109375 28.3203125 34.2109375 18.71875 -15.5234375 17.359375 -33.9375 9.9375 -32.15625 
-25.2734375 12.28125 28.90625 14.2578125 22.109375 -26.171875 12.328125 -21.4296875 25.6328125 -20.546875 
-26.3203125 5.1640625 24.2265625 -7.6875 23.703125 -2.96875 -1.6953125 -33.6015625 34.609375 -13.3203125 
-15.875 -1.9765625 33.921875 -15.0078125 27.8203125 -2.359375 -5.953125 -42.3828125 7.1171875 -3.8828125 
-5.4921875 -5.671875 26.9296875 -14.3515625 10.984375 3.046875 -0.703125 -26.4453125 -6.734375 35.953125 
-0.9296875 -1.03125 21.6796875 -3.7421875 8.4921875 15.1640625 0.484375 -15.578125 5.25 41.8828125 
3.2890625 12.0 24.34375 -0.921875 9.8203125 16.140625 1.6171875 2.6796875 1.3828125 28.28125 
10.078125 16.34375 16.1640625 3.09375 18.0390625 11.34375 8.296875 4.828125 6.296875 15.1484375 
12.0 18.640625 7.75 5.0 20.0 9.90625 9.0 9.0 8.5546875 14.0 
12.0 15.0 8.0 5.0 20.0 9.0 9.0 9.0 9.0 14.0 
12.0 15.0 8.0 5.0 20.0 9.0 9.0 9.0 9.0 14.0 
12.0 15.0 8.0 5.0 20.0 9.0 9.0 9.0 9.0 14.0 
12.0 15.0 7.1796875 7.9609375 20.0 8.046875 9.0 3.1953125 9.0 14.0 
12.0 10.984375 -5.2265625 20.109375 20.0 5.1328125 9.0 2.84375 6.953125 12.3046875 
6.171875 4.28125 -17.546875 42.03125 17.1171875 -2.015625 9.0 11.71875 -13.6484375 5.109375 
3.546875 13.5390625 -23.0625 34.0390625 19.6484375 -3.4765625 9.0 33.0546875 -38.3359375 1.8828125 
4.6328125 23.1796875 -27.4140625 50.390625 18.5234375 -14.4375 8.15625 43.5625 -24.6015625 -7.6328125 
-13.1484375 -0.828125 -34.8359375 58.3828125 -8.3984375 4.2265625 2.484375 14.453125 -11.1796875 4.140625 
-28.1953125 -3.9296875 -25.6640625 44.0078125 10.3125 -8.2890625 -10.0703125 0.875 8.640625 -10.765625 
-20.234375 -17.1875 -19.3828125 10.828125 9.3828125 10.4609375 -19.6953125 -14.59375 4.8203125 -32.09375 
-12.3359375 -41.2578125 -26.2421875 23.9296875 -0.703125 -25.234375 -26.53125 -6.421875 -2.7109375 -10.515625 
-19.953125 -41.953125 -31.453125 12.5234375 10.5859375 0.1953125 -27.7890625 3.1328125 19.6796875 -30.3203125 
-3.6953125 -58.84375 -4.4453125 -2.8203125 -30.59375 0.4375 -22.15625 8.796875 9.078125 -17.375 
-9.6796875 -62.5625 0.4921875 16.4609375 -22.625 7.8984375 -31.8671875 19.671875 6.2421875 -42.8671875 
-13.7578125 -19.3671875 6.921875 1.25 -9.1796875 15.3125 -40.2578125 4.5703125 -20.25 -43.3671875 
-27.7421875 -43.75 -2.7734375 -1.125 -19.7890625 8.0390625 -39.5234375 8.578125 17.671875 -1.875 
-27.9765625 -49.703125 -9.09375 17.3984375 -5.0234375 -8.796875 -23.9296875 -3.2421875 18.34375 -26.78125 
-22.2421875 -18.109375 -4.34375 0.9296875 -10.6953125 -0.15625 -15.5625 11.6640625 -2.625 20.0625 
-17.8984375 3.8046875 11.671875 -41.78125 -16.59375 1.828125 -4.578125 -19.78125 41.46875 14.6171875 
-20.46875 10.71875 5.6875 -22.1953125 -6.296875 -17.71875 -5.59375 -13.8125 61.2578125 32.171875 
-13.140625 12.3359375 4.2421875 -29.1640625 -6.5078125 -22.515625 0.6171875 -18.046875 23.6796875 53.9453125 
-3.90625 11.09375 9.828125 -14.03125 -5.8828125 -16.25 1.6640625 -18.1640625 1.796875 48.4296875 
4.421875 9.734375 9.140625 -7.859375 3.015625 9.2890625 5.625 -11.546875 -6.0703125 52.265625 
6.4609375 11.984375 13.5546875 2.671875 14.9375 12.3984375 7.515625 -7.1796875 3.1640625 48.0390625 
8.890625 14.8671875 27.21875 5.0 15.265625 12.453125 9.0 4.0390625 5.921875 18.5703125 
11.5546875 15.0 17.6875 5.0 20.4453125 8.109375 9.0 7.03125 7.7421875 12.6328125 
12.0 15.0 8.765625 5.0 20.0 9.0 9.0 9.0 8.859375 12.46875 
12.0 15.0 8.0 5.0 20.0 9.0 9.0 9.0 9.0 14.0 
12.0 15.0 8.0 5.0 20.0 9.0 9.0 9.0 9.0 14.0 
12.0 15.0 8.0 5.0 20.0 9.0 9.0 9.0 9.0 14.0 
12.0 15.0 8.0 5.25 20.0 9.0 9.0 8.21875 9.0 14.0 
12.0 15.0 5.0703125 3.0390625 20.0 10.984375 9.0 10.5546875 9.0 13.578125 
12.0 12.3671875 -2.359375 7.4609375 20.6484375 12.2578125 9.0 13.59375 1.6640625 11.4765625 
5.171875 8.921875 -10.2734375 10.46875 19.3125 -0.5078125 9.0 13.3984375 -10.4140625 22.28125 
-8.9375 3.3984375 -14.953125 15.4453125 15.953125 -2.4296875 7.875 4.1953125 -15.8125 16.109375 
-17.8046875 -9.15625 -28.2109375 31.984375 -9.8125 -2.5703125 5.65625 6.3046875 -32.3984375 13.2734375 
-30.515625 -18.6484375 -45.6484375 30.0390625 -25.234375 -5.7890625 4.765625 11.6171875 -38.5625 11.8671875 
-42.09375 -31.421875 -47.984375 14.6640625 -27.484375 0.5078125 3.140625 30.953125 -51.7890625 18.0078125 
-59.1640625 -58.2265625 -52.71875 13.59375 -29.6796875 -12.1171875 1.6875 29.09375 -37.1171875 17.59375 
-54.1015625 -56.109375 -50.421875 27.921875 -33.84375 21.171875 4.75 56.4609375 -19.3984375 -20.1484375 
-61.828125 -56.2265625 -50.34375 44.0546875 -51.2734375 12.7734375 5.296875 43.0078125 -23.203125 29.3671875 
-70.828125 -51.46875 -38.1640625 32.65625 -46.2890625 -6.1953125 -0.3125 28.8046875 -28.5859375 21.515625 
-58.3359375 -40.84375 -23.1015625 12.4609375 -62.9375 -18.921875 -0.0078125 11.0390625 -11.484375 32.390625 
-51.96875 -50.328125 -15.9609375 1.75 -52.21875 14.75 2.75 20.1796875 -12.6640625 22.140625 
-42.640625 -37.3828125 -17.6328125 -4.890625 -78.375 -12.2578125 -1.828125 15.5 -5.8515625 22.7734375 
-30.03125 -21.6640625 -17.359375 -24.7734375 -70.609375 -16.9296875 -0.0859375 28.9375 -4.859375 52.0 
-13.5859375 -7.1796875 -35.90625 -19.375 -48.8046875 -11.03125 2.4609375 11.0859375 -23.0703125 55.84375 
-2.625 2.40625 -19.234375 -0.8984375 -54.375 -15.6953125 1.7578125 -5.46875 -8.7265625 83.953125 
-0.484375 10.671875 -8.4140625 -4.2265625 -34.078125 -13.34375 4.75 -22.609375 -4.4453125 103.6171875 
4.4140625 14.2734375 -7.796875 -5.3046875 -25.84375 -3.359375 7.2890625 -5.1171875 -1.4296875 76.0625 
8.546875 14.0859375 -12.4765625 0.8515625 2.2734375 10.25 8.4921875 7.390625 4.7890625 35.515625 
10.4609375 14.5625 -2.2421875 3.3203125 15.578125 17.1015625 8.3671875 4.921875 9.3203125 27.5078125 
10.796875 15.0 7.7109375 5.0 15.96875 15.625 9.0 7.8671875 9.0 13.9921875 
12.0 15.0 8.6796875 5.0 20.0 9.0 9.0 9.0 9.0 13.6328125 
12.0 15.0 8.8125 5.0 20.0 9.0 9.0 9.0 9.0 12.375 
12.0 15.0 8.0 5.0 20.0 9.0 9.0 9.0 9.0 14.0 
12.0 15.0 8.0 5.0 20.0 9.0 9.0 9.0 9.0 14.0 
12.0 15.0 8.0 5.0 20.0 9.0 9.0 9.0 9.0 14.0 
12.0 15.0 8.0 5.0 20.0 9.0 9.0 9.0 9.0 14.0 
12.0 15.0 8.0 4.703125 20.0 8.703125 9.0 9.0 9.0 14.59375 
12.0 13.125 7.28125 3.1328125 21.0625 7.1328125 9.0 6.9140625 4.2265625 19.28125 
5.4375 11.1796875 4.265625 3.8203125 20.6875 7.3515625 9.0 2.1796875 1.7734375 16.421875 
2.9765625 10.4765625 2.1875 3.59375 10.3984375 3.9140625 9.0 -6.046875 -3.734375 26.1171875 
0.8359375 6.7265625 0.6640625 6.0859375 -7.96875 -8.1875 8.578125 10.3125 -7.2890625 33.6171875 
-2.0546875 8.1015625 -1.3671875 0.6953125 -18.9453125 -15.0625 7.21875 6.8828125 -17.984375 41.5703125 
-9.1875 8.828125 -5.734375 -5.53125 -36.65625 -21.4609375 6.3984375 16.5625 -28.640625 34.890625 
-5.9453125 0.3359375 -2.6484375 -10.0078125 -28.7109375 -30.5234375 5.828125 7.8125 -27.3359375 27.8359375 
-17.234375 -2.4453125 -7.765625 -17.3671875 -36.9453125 -13.1875 7.1328125 8.390625 -25.125 24.640625 
-20.5859375 -11.2265625 -10.625 -18.8984375 -55.09375 -20.8984375 8.609375 -1.53125 -29.0546875 31.1484375 
-27.7109375 -8.7578125 -9.4140625 -29.546875 -55.765625 -26.03125 9.0 24.8203125 -35.515625 26.59375 
-21.375 -3.65625 -9.0703125 -41.5390625 -49.3828125 -29.15625 8.2890625 15.765625 -24.625 59.1640625 
-17.953125 -3.6171875 -9.546875 -29.1875 -42.7421875 -14.4765625 7.2421875 27.0546875 -14.2734375 40.0078125 
-12.5390625 -2.328125 -4.296875 -18.0625 -50.59375 -22.640625 8.8828125 23.078125 -14.5546875 49.453125 
1.3984375 1.5 -3.4140625 -13.7734375 -43.0703125 -23.2421875 7.0390625 25.7734375 -9.7421875 37.8515625 
4.5390625 5.2578125 -6.0546875 -7.3125 -25.8671875 -23.546875 5.703125 25.3359375 -5.609375 53.40625 
5.9296875 8.0625 -2.71875 -3.015625 -17.7734375 -15.40625 7.046875 15.7578125 -4.828125 48.9296875 
6.4921875 11.28125 3.140625 1.453125 -7.375 -5.8125 8.2265625 2.859375 -1.6796875 66.3984375 
8.296875 14.2734375 3.5 0.6953125 5.9609375 0.9375 9.0 5.859375 3.859375 42.28125 
8.5625 15.0 5.2265625 4.640625 15.03125 8.125 9.0 16.8984375 8.859375 22.3203125 
11.859375 15.0 6.9296875 5.0 19.5234375 9.0 9.0 6.40625 9.0 18.4921875 
12.0 15.0 8.0 5.0 19.5625 9.0 9.0 8.953125 9.0 14.21875 
12.0 15.0 8.0 5.0 20.0 9.0 9.0 9.0 9.0 14.0 
12.0 15.0 8.0 5.0 20.0 9.0 9.0 9.0 9.0 14.0 
12.0 15.0 8.0 5.0 20.0 9.0 9.0 9.0 9.0 14.0 
12.0 15.0 8.0 5.0 20.0 9.0 9.0 9.0 9.0 14.0 
12.0 15.0 8.0 5.0 20.0 9.0 9.0 9.0 9.0 14.0 
12.0 15.0 8.0 5.0 20.0 9.0 9.0 9.0 9.0 14.0 
12.0 15.0 8.0 5.0 20.0 9.0 9.0 9.0 9.0 14.0 
12.0 15.0 8.0 5.0 20.0 9.0 9.0 9.0 9.0 14.0 
12.0 15.0 8.0 5.0 20.0 9.0 9.0 10.3828125 9.0 11.234375 
12.0 15.0 8.0 5.0 19.6796875 9.0 9.0 11.4453125 9.0 11.3359375 
12.0 15.0 8.0 5.0 17.7734375 9.0 9.0 9.125 8.703125 16.078125 
11.2265625 15.0 8.0 5.0 14.078125 9.0 9.0 7.6796875 8.0625 12.78125 
10.390625 15.0 8.0 5.0 12.53125 9.0 9.0 9.7734375 7.4921875 10.5625 
11.6640625 12.03125 6.234375 5.0 12.796875 7.3828125 9.0 20.6328125 4.125 8.2890625 
10.03125 14.65625 4.484375 5.0 13.234375 7.6875 9.0 5.21875 3.8359375 7.8359375 
10.0234375 15.0 6.2890625 5.0 6.5859375 3.5546875 9.0 6.734375 0.1796875 14.6796875 
8.1328125 15.0 3.578125 4.453125 12.9296875 3.0625 9.0 25.015625 1.6875 6.6171875 
4.125 15.0 5.4375 3.28125 7.3046875 1.34375 9.0 23.9375 2.6640625 18.640625 
5.4140625 15.0 6.1640625 3.046875 11.7890625 1.5703125 9.0 21.7109375 7.2734375 11.625 
5.234375 15.0 7.8671875 1.375 13.2890625 -1.5546875 9.0 22.453125 9.0 2.078125 
8.0859375 13.1953125 6.3828125 3.1328125 15.78125 -0.109375 8.6484375 22.9453125 7.5859375 5.25 
7.5546875 11.4140625 4.0 3.4921875 13.15625 -0.078125 8.78125 25.296875 3.1171875 7.03125 
9.53125 14.125 7.1953125 4.5546875 14.390625 2.1328125 8.9921875 20.015625 6.21875 9.0859375 
11.8828125 15.0 8.0 5.0 18.0703125 7.3984375 9.0 14.5234375 7.4921875 18.3828125 
10.765625 15.0 8.0 5.0 19.78125 7.5390625 9.0 14.65625 8.0 15.1484375 
8.03125 15.0 8.0 5.0 20.0 8.0703125 9.0 16.234375 9.0 15.4765625 
11.09375 15.0 8.0 5.0 20.0 9.0 9.0 10.875 9.0 14.0 
12.0 15.0 8.0 5.0 20.0 9.0 9.0 9.0 9.0 14.0 
12.0 15.0 8.0 5.0 20.0 9.0 9.0 9.0 9.0 14.0 
12.0 15.0 8.0 5.0 20.0 9.0 9.0 9.0 9.0 14.0 
12.0 15.0 8.0 5.0 20.0 9.0 9.0 9.0 9.0 14.0 
-12.0 -15.0 -8.0 -5.0 -20.0 -9.0 -9.0 -9.0 -9.0 -14.0 
